TpTrace Verbose: 0 : 42620, 1, 2022/08/07, 15:16:06.104, 5175057158510, vstest.console.dll, Version: 17.2.0-release-20220408-11 Current process architecture: X64
TpTrace Information: 0 : 42620, 1, 2022/08/07, 15:16:06.112, 5175057241087, vstest.console.dll, FilePatternParser: The given file C:\Users\hp\Videos\repo\BankSystemTest\bin\Debug\net6.0\fine-code-coverage\build-output\BankSystemTest.dll is a full path.
TpTrace Verbose: 0 : 42620, 1, 2022/08/07, 15:16:06.119, 5175057311526, vstest.console.dll, TestPluginCache.DiscoverTestExtensions: finding test extensions in assemblies ends with: RuntimeProvider.dll TPluginInfo: Microsoft.VisualStudio.TestPlatform.Common.ExtensionFramework.Utilities.TestRuntimePluginInformation TExtension: Microsoft.VisualStudio.TestPlatform.ObjectModel.Host.ITestRuntimeProvider
TpTrace Verbose: 0 : 42620, 1, 2022/08/07, 15:16:06.119, 5175057314174, vstest.console.dll, TestPluginCache.GetExtensionPaths: Filtered extension paths: 
TpTrace Verbose: 0 : 42620, 1, 2022/08/07, 15:16:06.120, 5175057314813, vstest.console.dll, TestPluginCache.GetExtensionPaths: Added default extension paths: C:\Program Files\dotnet\sdk\6.0.300\Extensions\DumpMinitool.exe
C:\Program Files\dotnet\sdk\6.0.300\Extensions\DumpMinitool.x86.exe
C:\Program Files\dotnet\sdk\6.0.300\Extensions\Microsoft.Diagnostics.NETCore.Client.dll
C:\Program Files\dotnet\sdk\6.0.300\Extensions\Microsoft.TestPlatform.Extensions.BlameDataCollector.dll
C:\Program Files\dotnet\sdk\6.0.300\Extensions\Microsoft.TestPlatform.Extensions.EventLogCollector.dll
C:\Program Files\dotnet\sdk\6.0.300\Extensions\Microsoft.TestPlatform.TestHostRuntimeProvider.dll
C:\Program Files\dotnet\sdk\6.0.300\Extensions\Microsoft.VisualStudio.TestPlatform.Extensions.Html.TestLogger.dll
C:\Program Files\dotnet\sdk\6.0.300\Extensions\Microsoft.VisualStudio.TestPlatform.Extensions.Trx.TestLogger.dll
TpTrace Verbose: 0 : 42620, 1, 2022/08/07, 15:16:06.120, 5175057315040, vstest.console.dll, TestPluginCache.GetExtensionPaths: Added unfilterableExtensionPaths: 
TpTrace Information: 0 : 42620, 1, 2022/08/07, 15:16:06.120, 5175057319290, vstest.console.dll, AssemblyResolver.ctor: Creating AssemblyResolver with searchDirectories C:\Program Files\dotnet\sdk\6.0.300\Extensions,C:\Program Files\dotnet\sdk\6.0.300
TpTrace Verbose: 0 : 42620, 1, 2022/08/07, 15:16:06.121, 5175057325367, vstest.console.dll, TestPluginCache.DiscoverTestExtensions: Discovering the extensions using extension path.
TpTrace Verbose: 0 : 42620, 1, 2022/08/07, 15:16:06.121, 5175057326285, vstest.console.dll, TestPluginCache.GetExtensionPaths: Filtered extension paths: 
TpTrace Verbose: 0 : 42620, 1, 2022/08/07, 15:16:06.121, 5175057326572, vstest.console.dll, TestPluginCache.GetExtensionPaths: Added default extension paths: C:\Program Files\dotnet\sdk\6.0.300\Extensions\DumpMinitool.exe
C:\Program Files\dotnet\sdk\6.0.300\Extensions\DumpMinitool.x86.exe
C:\Program Files\dotnet\sdk\6.0.300\Extensions\Microsoft.Diagnostics.NETCore.Client.dll
C:\Program Files\dotnet\sdk\6.0.300\Extensions\Microsoft.TestPlatform.Extensions.BlameDataCollector.dll
C:\Program Files\dotnet\sdk\6.0.300\Extensions\Microsoft.TestPlatform.Extensions.EventLogCollector.dll
C:\Program Files\dotnet\sdk\6.0.300\Extensions\Microsoft.TestPlatform.TestHostRuntimeProvider.dll
C:\Program Files\dotnet\sdk\6.0.300\Extensions\Microsoft.VisualStudio.TestPlatform.Extensions.Html.TestLogger.dll
C:\Program Files\dotnet\sdk\6.0.300\Extensions\Microsoft.VisualStudio.TestPlatform.Extensions.Trx.TestLogger.dll
TpTrace Verbose: 0 : 42620, 1, 2022/08/07, 15:16:06.121, 5175057326744, vstest.console.dll, TestPluginCache.GetExtensionPaths: Added unfilterableExtensionPaths: 
TpTrace Verbose: 0 : 42620, 1, 2022/08/07, 15:16:06.121, 5175057327145, vstest.console.dll, TestPluginCache.DiscoverTestExtensions: Discovering the extensions using allExtensionPaths: C:\Program Files\dotnet\sdk\6.0.300\Extensions\DumpMinitool.exe
C:\Program Files\dotnet\sdk\6.0.300\Extensions\DumpMinitool.x86.exe
C:\Program Files\dotnet\sdk\6.0.300\Extensions\Microsoft.Diagnostics.NETCore.Client.dll
C:\Program Files\dotnet\sdk\6.0.300\Extensions\Microsoft.TestPlatform.Extensions.BlameDataCollector.dll
C:\Program Files\dotnet\sdk\6.0.300\Extensions\Microsoft.TestPlatform.Extensions.EventLogCollector.dll
C:\Program Files\dotnet\sdk\6.0.300\Extensions\Microsoft.TestPlatform.TestHostRuntimeProvider.dll
C:\Program Files\dotnet\sdk\6.0.300\Extensions\Microsoft.VisualStudio.TestPlatform.Extensions.Html.TestLogger.dll
C:\Program Files\dotnet\sdk\6.0.300\Extensions\Microsoft.VisualStudio.TestPlatform.Extensions.Trx.TestLogger.dll
TpTrace Information: 0 : 42620, 1, 2022/08/07, 15:16:06.121, 5175057328411, vstest.console.dll, AssemblyResolver.AddSearchDirectories: Adding more searchDirectories C:\Program Files\dotnet\sdk\6.0.300\Extensions,C:\Program Files\dotnet\sdk\6.0.300
TpTrace Information: 0 : 42620, 1, 2022/08/07, 15:16:06.121, 5175057328856, vstest.console.dll, AssemblyResolver.AddSearchDirectories: Adding more searchDirectories C:\Program Files\dotnet\sdk\6.0.300\Extensions,C:\Program Files\dotnet\sdk\6.0.300
TpTrace Information: 0 : 42620, 1, 2022/08/07, 15:16:06.121, 5175057329031, vstest.console.dll, AssemblyResolver.AddSearchDirectories: Adding more searchDirectories C:\Program Files\dotnet\sdk\6.0.300\Extensions,C:\Program Files\dotnet\sdk\6.0.300
TpTrace Information: 0 : 42620, 1, 2022/08/07, 15:16:06.121, 5175057329208, vstest.console.dll, AssemblyResolver.AddSearchDirectories: Adding more searchDirectories C:\Program Files\dotnet\sdk\6.0.300\Extensions,C:\Program Files\dotnet\sdk\6.0.300
TpTrace Information: 0 : 42620, 1, 2022/08/07, 15:16:06.121, 5175057329395, vstest.console.dll, AssemblyResolver.AddSearchDirectories: Adding more searchDirectories C:\Program Files\dotnet\sdk\6.0.300\Extensions,C:\Program Files\dotnet\sdk\6.0.300
TpTrace Information: 0 : 42620, 1, 2022/08/07, 15:16:06.121, 5175057329559, vstest.console.dll, AssemblyResolver.AddSearchDirectories: Adding more searchDirectories C:\Program Files\dotnet\sdk\6.0.300\Extensions,C:\Program Files\dotnet\sdk\6.0.300
TpTrace Information: 0 : 42620, 1, 2022/08/07, 15:16:06.121, 5175057329723, vstest.console.dll, AssemblyResolver.AddSearchDirectories: Adding more searchDirectories C:\Program Files\dotnet\sdk\6.0.300\Extensions,C:\Program Files\dotnet\sdk\6.0.300
TpTrace Information: 0 : 42620, 1, 2022/08/07, 15:16:06.121, 5175057329878, vstest.console.dll, AssemblyResolver.AddSearchDirectories: Adding more searchDirectories C:\Program Files\dotnet\sdk\6.0.300\Extensions,C:\Program Files\dotnet\sdk\6.0.300
TpTrace Information: 0 : 42620, 1, 2022/08/07, 15:16:06.121, 5175057332424, vstest.console.dll, AssemblyResolver.OnResolve: DumpMinitool: Resolving assembly.
TpTrace Information: 0 : 42620, 1, 2022/08/07, 15:16:06.121, 5175057332933, vstest.console.dll, AssemblyResolver.OnResolve: DumpMinitool: Searching in: 'C:\Program Files\dotnet\sdk\6.0.300\Extensions'.
TpTrace Information: 0 : 42620, 1, 2022/08/07, 15:16:06.121, 5175057333618, vstest.console.dll, AssemblyResolver.OnResolve: DumpMinitool: Assembly path does not exist: 'C:\Program Files\dotnet\sdk\6.0.300\Extensions\DumpMinitool.dll', returning.
TpTrace Information: 0 : 42620, 1, 2022/08/07, 15:16:06.122, 5175057340252, vstest.console.dll, AssemblyResolver.OnResolve: DumpMinitool: Loading assembly 'C:\Program Files\dotnet\sdk\6.0.300\Extensions\DumpMinitool.exe'.
TpTrace Information: 0 : 42620, 1, 2022/08/07, 15:16:06.122, 5175057344263, vstest.console.dll, AssemblyResolver.OnResolve: Resolved assembly: DumpMinitool, from path: C:\Program Files\dotnet\sdk\6.0.300\Extensions\DumpMinitool.exe
TpTrace Verbose: 0 : 42620, 1, 2022/08/07, 15:16:06.126, 5175057378213, vstest.console.dll, MetadataReaderExtensionsHelper: Discovering extensions inside assembly 'DumpMinitool, Version=15.0.0.0, Culture=neutral, PublicKeyToken=b03f5f7f11d50a3a' file path 'C:\Program Files\dotnet\sdk\6.0.300\Extensions\DumpMinitool.exe'
TpTrace Information: 0 : 42620, 1, 2022/08/07, 15:16:06.131, 5175057425291, vstest.console.dll, AssemblyResolver.OnResolve: DumpMinitool.x86: Resolving assembly.
TpTrace Information: 0 : 42620, 1, 2022/08/07, 15:16:06.131, 5175057427224, vstest.console.dll, AssemblyResolver.OnResolve: DumpMinitool.x86: Searching in: 'C:\Program Files\dotnet\sdk\6.0.300\Extensions'.
TpTrace Information: 0 : 42620, 1, 2022/08/07, 15:16:06.131, 5175057428004, vstest.console.dll, AssemblyResolver.OnResolve: DumpMinitool.x86: Assembly path does not exist: 'C:\Program Files\dotnet\sdk\6.0.300\Extensions\DumpMinitool.x86.dll', returning.
TpTrace Information: 0 : 42620, 1, 2022/08/07, 15:16:06.131, 5175057434134, vstest.console.dll, AssemblyResolver.OnResolve: DumpMinitool.x86: Loading assembly 'C:\Program Files\dotnet\sdk\6.0.300\Extensions\DumpMinitool.x86.exe'.
TpTrace Information: 0 : 42620, 1, 2022/08/07, 15:16:06.132, 5175057439170, vstest.console.dll, AssemblyResolver.OnResolve: Resolved assembly: DumpMinitool.x86, from path: C:\Program Files\dotnet\sdk\6.0.300\Extensions\DumpMinitool.x86.exe
TpTrace Verbose: 0 : 42620, 1, 2022/08/07, 15:16:06.132, 5175057439869, vstest.console.dll, MetadataReaderExtensionsHelper: Discovering extensions inside assembly 'DumpMinitool.x86, Version=15.0.0.0, Culture=neutral, PublicKeyToken=b03f5f7f11d50a3a' file path 'C:\Program Files\dotnet\sdk\6.0.300\Extensions\DumpMinitool.x86.exe'
TpTrace Information: 0 : 42620, 1, 2022/08/07, 15:16:06.133, 5175057445823, vstest.console.dll, AssemblyResolver.OnResolve: Microsoft.Diagnostics.NETCore.Client: Resolving assembly.
TpTrace Information: 0 : 42620, 1, 2022/08/07, 15:16:06.133, 5175057446367, vstest.console.dll, AssemblyResolver.OnResolve: Microsoft.Diagnostics.NETCore.Client: Searching in: 'C:\Program Files\dotnet\sdk\6.0.300\Extensions'.
TpTrace Information: 0 : 42620, 1, 2022/08/07, 15:16:06.133, 5175057454309, vstest.console.dll, AssemblyResolver.OnResolve: Microsoft.Diagnostics.NETCore.Client: Loading assembly 'C:\Program Files\dotnet\sdk\6.0.300\Extensions\Microsoft.Diagnostics.NETCore.Client.dll'.
TpTrace Information: 0 : 42620, 1, 2022/08/07, 15:16:06.135, 5175057466901, vstest.console.dll, AssemblyResolver.OnResolve: Resolved assembly: Microsoft.Diagnostics.NETCore.Client, from path: C:\Program Files\dotnet\sdk\6.0.300\Extensions\Microsoft.Diagnostics.NETCore.Client.dll
TpTrace Verbose: 0 : 42620, 1, 2022/08/07, 15:16:06.135, 5175057467923, vstest.console.dll, MetadataReaderExtensionsHelper: Discovering extensions inside assembly 'Microsoft.Diagnostics.NETCore.Client, Version=0.2.5.801, Culture=neutral, PublicKeyToken=31bf3856ad364e35' file path 'C:\Program Files\dotnet\sdk\6.0.300\Extensions\Microsoft.Diagnostics.NETCore.Client.dll'
TpTrace Information: 0 : 42620, 1, 2022/08/07, 15:16:06.139, 5175057509830, vstest.console.dll, AssemblyResolver.OnResolve: Microsoft.Bcl.AsyncInterfaces: Resolving assembly.
TpTrace Information: 0 : 42620, 1, 2022/08/07, 15:16:06.139, 5175057510535, vstest.console.dll, AssemblyResolver.OnResolve: Microsoft.Bcl.AsyncInterfaces: Searching in: 'C:\Program Files\dotnet\sdk\6.0.300\Extensions'.
TpTrace Information: 0 : 42620, 1, 2022/08/07, 15:16:06.139, 5175057511070, vstest.console.dll, AssemblyResolver.OnResolve: Microsoft.Bcl.AsyncInterfaces: Assembly path does not exist: 'C:\Program Files\dotnet\sdk\6.0.300\Extensions\Microsoft.Bcl.AsyncInterfaces.dll', returning.
TpTrace Information: 0 : 42620, 1, 2022/08/07, 15:16:06.139, 5175057511357, vstest.console.dll, AssemblyResolver.OnResolve: Microsoft.Bcl.AsyncInterfaces: Assembly path does not exist: 'C:\Program Files\dotnet\sdk\6.0.300\Extensions\Microsoft.Bcl.AsyncInterfaces.exe', returning.
TpTrace Information: 0 : 42620, 1, 2022/08/07, 15:16:06.139, 5175057511512, vstest.console.dll, AssemblyResolver.OnResolve: Microsoft.Bcl.AsyncInterfaces: Searching in: 'C:\Program Files\dotnet\sdk\6.0.300'.
TpTrace Information: 0 : 42620, 1, 2022/08/07, 15:16:06.139, 5175057511821, vstest.console.dll, AssemblyResolver.OnResolve: Microsoft.Bcl.AsyncInterfaces: Assembly path does not exist: 'C:\Program Files\dotnet\sdk\6.0.300\Microsoft.Bcl.AsyncInterfaces.dll', returning.
TpTrace Information: 0 : 42620, 1, 2022/08/07, 15:16:06.139, 5175057512104, vstest.console.dll, AssemblyResolver.OnResolve: Microsoft.Bcl.AsyncInterfaces: Assembly path does not exist: 'C:\Program Files\dotnet\sdk\6.0.300\Microsoft.Bcl.AsyncInterfaces.exe', returning.
TpTrace Information: 0 : 42620, 1, 2022/08/07, 15:16:06.139, 5175057512300, vstest.console.dll, AssemblyResolver.OnResolve: Microsoft.Bcl.AsyncInterfaces: Failed to load assembly.
TpTrace Verbose: 0 : 42620, 1, 2022/08/07, 15:16:06.139, 5175057512551, vstest.console.dll, CurrentDomainAssemblyResolve: Resolving assembly 'Microsoft.Bcl.AsyncInterfaces'.
TpTrace Information: 0 : 42620, 1, 2022/08/07, 15:16:06.140, 5175057515014, vstest.console.dll, AssemblyResolver.OnResolve: Microsoft.Bcl.AsyncInterfaces: Resolving assembly.
TpTrace Information: 0 : 42620, 1, 2022/08/07, 15:16:06.140, 5175057515494, vstest.console.dll, AssemblyResolver.OnResolve: Microsoft.Bcl.AsyncInterfaces: Resolved from cache.
TpTrace Verbose: 0 : 42620, 1, 2022/08/07, 15:16:06.140, 5175057515724, vstest.console.dll, CurrentDomainAssemblyResolve: Resolving assembly 'Microsoft.Bcl.AsyncInterfaces'.
TpTrace Verbose: 0 : 42620, 1, 2022/08/07, 15:16:06.140, 5175057515962, vstest.console.dll, CurrentDomainAssemblyResolve: Failed to resolve assembly 'Microsoft.Bcl.AsyncInterfaces'.
TpTrace Verbose: 0 : 42620, 1, 2022/08/07, 15:16:06.144, 5175057558487, vstest.console.dll, CurrentDomainAssemblyResolve: Failed to resolve assembly 'Microsoft.Bcl.AsyncInterfaces'.
TpTrace Warning: 0 : 42620, 1, 2022/08/07, 15:16:06.154, 5175057661859, vstest.console.dll, TestPluginDiscoverer: Failed to get types from assembly 'Microsoft.Diagnostics.NETCore.Client, Version=0.2.5.801, Culture=neutral, PublicKeyToken=31bf3856ad364e35'. Error: System.Reflection.ReflectionTypeLoadException: Unable to load one or more of the requested types.
Could not load file or assembly 'Microsoft.Bcl.AsyncInterfaces, Version=1.0.0.0, Culture=neutral, PublicKeyToken=cc7b13ffcd2ddd51'. The system cannot find the file specified.
   at System.Reflection.RuntimeModule.GetTypes(RuntimeModule module)
   at System.Reflection.Assembly.GetTypes()
   at Microsoft.VisualStudio.TestPlatform.Common.ExtensionFramework.TestPluginDiscoverer.GetTestExtensionsFromAssembly[TPluginInfo,TExtension](Assembly assembly, Dictionary`2 pluginInfos, String filePath)
System.IO.FileNotFoundException: Could not load file or assembly 'Microsoft.Bcl.AsyncInterfaces, Version=1.0.0.0, Culture=neutral, PublicKeyToken=cc7b13ffcd2ddd51'. The system cannot find the file specified.
File name: 'Microsoft.Bcl.AsyncInterfaces, Version=1.0.0.0, Culture=neutral, PublicKeyToken=cc7b13ffcd2ddd51'
 ---> System.IO.FileNotFoundException: Could not load file or assembly 'Microsoft.Bcl.AsyncInterfaces, Culture=neutral, PublicKeyToken=null'. The system cannot find the file specified.
File name: 'Microsoft.Bcl.AsyncInterfaces, Culture=neutral, PublicKeyToken=null'
   at System.Reflection.RuntimeAssembly.InternalLoad(ObjectHandleOnStack assemblyName, ObjectHandleOnStack requestingAssembly, StackCrawlMarkHandle stackMark, Boolean throwOnFileNotFound, ObjectHandleOnStack assemblyLoadContext, ObjectHandleOnStack retAssembly)
   at System.Reflection.RuntimeAssembly.InternalLoad(AssemblyName assemblyName, RuntimeAssembly requestingAssembly, StackCrawlMark& stackMark, Boolean throwOnFileNotFound, AssemblyLoadContext assemblyLoadContext)
   at System.Reflection.Assembly.Load(AssemblyName assemblyRef)
   at Microsoft.VisualStudio.TestPlatform.Common.ExtensionFramework.TestPluginCache.CurrentDomainAssemblyResolve(Object sender, AssemblyResolveEventArgs args)
   at Microsoft.VisualStudio.TestPlatform.PlatformAbstractions.PlatformAssemblyResolver.AssemblyResolverEvent(Object sender, Object eventArgs)
   at System.Runtime.Loader.AssemblyLoadContext.GetFirstResolvedAssemblyFromResolvingEvent(AssemblyName assemblyName)
   at System.Runtime.Loader.AssemblyLoadContext.ResolveUsingEvent(AssemblyName assemblyName)
   at System.Runtime.Loader.AssemblyLoadContext.ResolveUsingResolvingEvent(IntPtr gchManagedAssemblyLoadContext, AssemblyName assemblyName)
TpTrace Warning: 0 : 42620, 1, 2022/08/07, 15:16:06.154, 5175057664285, vstest.console.dll, LoaderExceptions: System.IO.FileNotFoundException: Could not load file or assembly 'Microsoft.Bcl.AsyncInterfaces, Version=1.0.0.0, Culture=neutral, PublicKeyToken=cc7b13ffcd2ddd51'. The system cannot find the file specified.
File name: 'Microsoft.Bcl.AsyncInterfaces, Version=1.0.0.0, Culture=neutral, PublicKeyToken=cc7b13ffcd2ddd51'
 ---> System.IO.FileNotFoundException: Could not load file or assembly 'Microsoft.Bcl.AsyncInterfaces, Culture=neutral, PublicKeyToken=null'. The system cannot find the file specified.
File name: 'Microsoft.Bcl.AsyncInterfaces, Culture=neutral, PublicKeyToken=null'
   at System.Reflection.RuntimeAssembly.InternalLoad(ObjectHandleOnStack assemblyName, ObjectHandleOnStack requestingAssembly, StackCrawlMarkHandle stackMark, Boolean throwOnFileNotFound, ObjectHandleOnStack assemblyLoadContext, ObjectHandleOnStack retAssembly)
   at System.Reflection.RuntimeAssembly.InternalLoad(AssemblyName assemblyName, RuntimeAssembly requestingAssembly, StackCrawlMark& stackMark, Boolean throwOnFileNotFound, AssemblyLoadContext assemblyLoadContext)
   at System.Reflection.Assembly.Load(AssemblyName assemblyRef)
   at Microsoft.VisualStudio.TestPlatform.Common.ExtensionFramework.TestPluginCache.CurrentDomainAssemblyResolve(Object sender, AssemblyResolveEventArgs args)
   at Microsoft.VisualStudio.TestPlatform.PlatformAbstractions.PlatformAssemblyResolver.AssemblyResolverEvent(Object sender, Object eventArgs)
   at System.Runtime.Loader.AssemblyLoadContext.GetFirstResolvedAssemblyFromResolvingEvent(AssemblyName assemblyName)
   at System.Runtime.Loader.AssemblyLoadContext.ResolveUsingEvent(AssemblyName assemblyName)
   at System.Runtime.Loader.AssemblyLoadContext.ResolveUsingResolvingEvent(IntPtr gchManagedAssemblyLoadContext, AssemblyName assemblyName)
TpTrace Information: 0 : 42620, 1, 2022/08/07, 15:16:06.155, 5175057665290, vstest.console.dll, AssemblyResolver.OnResolve: Microsoft.TestPlatform.Extensions.BlameDataCollector: Resolving assembly.
TpTrace Information: 0 : 42620, 1, 2022/08/07, 15:16:06.155, 5175057665546, vstest.console.dll, AssemblyResolver.OnResolve: Microsoft.TestPlatform.Extensions.BlameDataCollector: Searching in: 'C:\Program Files\dotnet\sdk\6.0.300\Extensions'.
TpTrace Information: 0 : 42620, 1, 2022/08/07, 15:16:06.155, 5175057669486, vstest.console.dll, AssemblyResolver.OnResolve: Microsoft.TestPlatform.Extensions.BlameDataCollector: Loading assembly 'C:\Program Files\dotnet\sdk\6.0.300\Extensions\Microsoft.TestPlatform.Extensions.BlameDataCollector.dll'.
TpTrace Information: 0 : 42620, 1, 2022/08/07, 15:16:06.156, 5175057677907, vstest.console.dll, AssemblyResolver.OnResolve: Resolved assembly: Microsoft.TestPlatform.Extensions.BlameDataCollector, from path: C:\Program Files\dotnet\sdk\6.0.300\Extensions\Microsoft.TestPlatform.Extensions.BlameDataCollector.dll
TpTrace Verbose: 0 : 42620, 1, 2022/08/07, 15:16:06.156, 5175057678892, vstest.console.dll, MetadataReaderExtensionsHelper: Discovering extensions inside assembly 'Microsoft.TestPlatform.Extensions.BlameDataCollector, Version=15.0.0.0, Culture=neutral, PublicKeyToken=b03f5f7f11d50a3a' file path 'C:\Program Files\dotnet\sdk\6.0.300\Extensions\Microsoft.TestPlatform.Extensions.BlameDataCollector.dll'
TpTrace Information: 0 : 42620, 1, 2022/08/07, 15:16:06.157, 5175057690825, vstest.console.dll, AssemblyResolver.OnResolve: Microsoft.TestPlatform.Extensions.EventLogCollector: Resolving assembly.
TpTrace Information: 0 : 42620, 1, 2022/08/07, 15:16:06.157, 5175057691336, vstest.console.dll, AssemblyResolver.OnResolve: Microsoft.TestPlatform.Extensions.EventLogCollector: Searching in: 'C:\Program Files\dotnet\sdk\6.0.300\Extensions'.
TpTrace Information: 0 : 42620, 1, 2022/08/07, 15:16:06.158, 5175057696292, vstest.console.dll, AssemblyResolver.OnResolve: Microsoft.TestPlatform.Extensions.EventLogCollector: Loading assembly 'C:\Program Files\dotnet\sdk\6.0.300\Extensions\Microsoft.TestPlatform.Extensions.EventLogCollector.dll'.
TpTrace Information: 0 : 42620, 1, 2022/08/07, 15:16:06.158, 5175057700238, vstest.console.dll, AssemblyResolver.OnResolve: Resolved assembly: Microsoft.TestPlatform.Extensions.EventLogCollector, from path: C:\Program Files\dotnet\sdk\6.0.300\Extensions\Microsoft.TestPlatform.Extensions.EventLogCollector.dll
TpTrace Verbose: 0 : 42620, 1, 2022/08/07, 15:16:06.158, 5175057700871, vstest.console.dll, MetadataReaderExtensionsHelper: Discovering extensions inside assembly 'Microsoft.TestPlatform.Extensions.EventLogCollector, Version=15.0.0.0, Culture=neutral, PublicKeyToken=b03f5f7f11d50a3a' file path 'C:\Program Files\dotnet\sdk\6.0.300\Extensions\Microsoft.TestPlatform.Extensions.EventLogCollector.dll'
TpTrace Information: 0 : 42620, 1, 2022/08/07, 15:16:06.159, 5175057711753, vstest.console.dll, AssemblyResolver.OnResolve: Microsoft.TestPlatform.TestHostRuntimeProvider: Resolving assembly.
TpTrace Information: 0 : 42620, 1, 2022/08/07, 15:16:06.159, 5175057712402, vstest.console.dll, AssemblyResolver.OnResolve: Microsoft.TestPlatform.TestHostRuntimeProvider: Searching in: 'C:\Program Files\dotnet\sdk\6.0.300\Extensions'.
TpTrace Information: 0 : 42620, 1, 2022/08/07, 15:16:06.160, 5175057718357, vstest.console.dll, AssemblyResolver.OnResolve: Microsoft.TestPlatform.TestHostRuntimeProvider: Loading assembly 'C:\Program Files\dotnet\sdk\6.0.300\Extensions\Microsoft.TestPlatform.TestHostRuntimeProvider.dll'.
TpTrace Information: 0 : 42620, 1, 2022/08/07, 15:16:06.161, 5175057729785, vstest.console.dll, AssemblyResolver.OnResolve: Resolved assembly: Microsoft.TestPlatform.TestHostRuntimeProvider, from path: C:\Program Files\dotnet\sdk\6.0.300\Extensions\Microsoft.TestPlatform.TestHostRuntimeProvider.dll
TpTrace Verbose: 0 : 42620, 1, 2022/08/07, 15:16:06.161, 5175057730853, vstest.console.dll, MetadataReaderExtensionsHelper: Discovering extensions inside assembly 'Microsoft.TestPlatform.TestHostRuntimeProvider, Version=15.0.0.0, Culture=neutral, PublicKeyToken=b03f5f7f11d50a3a' file path 'C:\Program Files\dotnet\sdk\6.0.300\Extensions\Microsoft.TestPlatform.TestHostRuntimeProvider.dll'
TpTrace Information: 0 : 42620, 1, 2022/08/07, 15:16:06.163, 5175057750175, vstest.console.dll, GetTestExtensionFromType: Register extension with identifier data 'HostProvider://DefaultTestHost' and type 'Microsoft.VisualStudio.TestPlatform.CrossPlatEngine.Hosting.DefaultTestHostManager, Microsoft.TestPlatform.TestHostRuntimeProvider, Version=15.0.0.0, Culture=neutral, PublicKeyToken=b03f5f7f11d50a3a' inside file 'C:\Program Files\dotnet\sdk\6.0.300\Extensions\Microsoft.TestPlatform.TestHostRuntimeProvider.dll'
TpTrace Information: 0 : 42620, 1, 2022/08/07, 15:16:06.163, 5175057751030, vstest.console.dll, GetTestExtensionFromType: Register extension with identifier data 'HostProvider://DotnetTestHost' and type 'Microsoft.VisualStudio.TestPlatform.CrossPlatEngine.Hosting.DotnetTestHostManager, Microsoft.TestPlatform.TestHostRuntimeProvider, Version=15.0.0.0, Culture=neutral, PublicKeyToken=b03f5f7f11d50a3a' inside file 'C:\Program Files\dotnet\sdk\6.0.300\Extensions\Microsoft.TestPlatform.TestHostRuntimeProvider.dll'
TpTrace Information: 0 : 42620, 1, 2022/08/07, 15:16:06.163, 5175057751611, vstest.console.dll, AssemblyResolver.OnResolve: Microsoft.VisualStudio.TestPlatform.Extensions.Html.TestLogger: Resolving assembly.
TpTrace Information: 0 : 42620, 1, 2022/08/07, 15:16:06.163, 5175057751815, vstest.console.dll, AssemblyResolver.OnResolve: Microsoft.VisualStudio.TestPlatform.Extensions.Html.TestLogger: Searching in: 'C:\Program Files\dotnet\sdk\6.0.300\Extensions'.
TpTrace Information: 0 : 42620, 1, 2022/08/07, 15:16:06.164, 5175057757796, vstest.console.dll, AssemblyResolver.OnResolve: Microsoft.VisualStudio.TestPlatform.Extensions.Html.TestLogger: Loading assembly 'C:\Program Files\dotnet\sdk\6.0.300\Extensions\Microsoft.VisualStudio.TestPlatform.Extensions.Html.TestLogger.dll'.
TpTrace Information: 0 : 42620, 1, 2022/08/07, 15:16:06.166, 5175057778648, vstest.console.dll, AssemblyResolver.OnResolve: Resolved assembly: Microsoft.VisualStudio.TestPlatform.Extensions.Html.TestLogger, from path: C:\Program Files\dotnet\sdk\6.0.300\Extensions\Microsoft.VisualStudio.TestPlatform.Extensions.Html.TestLogger.dll
TpTrace Verbose: 0 : 42620, 1, 2022/08/07, 15:16:06.166, 5175057779815, vstest.console.dll, MetadataReaderExtensionsHelper: Discovering extensions inside assembly 'Microsoft.VisualStudio.TestPlatform.Extensions.Html.TestLogger, Version=15.0.0.0, Culture=neutral, PublicKeyToken=b03f5f7f11d50a3a' file path 'C:\Program Files\dotnet\sdk\6.0.300\Extensions\Microsoft.VisualStudio.TestPlatform.Extensions.Html.TestLogger.dll'
TpTrace Information: 0 : 42620, 1, 2022/08/07, 15:16:06.167, 5175057787444, vstest.console.dll, AssemblyResolver.OnResolve: Microsoft.VisualStudio.TestPlatform.Extensions.Trx.TestLogger: Resolving assembly.
TpTrace Information: 0 : 42620, 1, 2022/08/07, 15:16:06.167, 5175057788048, vstest.console.dll, AssemblyResolver.OnResolve: Microsoft.VisualStudio.TestPlatform.Extensions.Trx.TestLogger: Searching in: 'C:\Program Files\dotnet\sdk\6.0.300\Extensions'.
TpTrace Information: 0 : 42620, 1, 2022/08/07, 15:16:06.168, 5175057798323, vstest.console.dll, AssemblyResolver.OnResolve: Microsoft.VisualStudio.TestPlatform.Extensions.Trx.TestLogger: Loading assembly 'C:\Program Files\dotnet\sdk\6.0.300\Extensions\Microsoft.VisualStudio.TestPlatform.Extensions.Trx.TestLogger.dll'.
TpTrace Information: 0 : 42620, 1, 2022/08/07, 15:16:06.169, 5175057808518, vstest.console.dll, AssemblyResolver.OnResolve: Resolved assembly: Microsoft.VisualStudio.TestPlatform.Extensions.Trx.TestLogger, from path: C:\Program Files\dotnet\sdk\6.0.300\Extensions\Microsoft.VisualStudio.TestPlatform.Extensions.Trx.TestLogger.dll
TpTrace Verbose: 0 : 42620, 1, 2022/08/07, 15:16:06.169, 5175057809308, vstest.console.dll, MetadataReaderExtensionsHelper: Discovering extensions inside assembly 'Microsoft.VisualStudio.TestPlatform.Extensions.Trx.TestLogger, Version=15.0.0.0, Culture=neutral, PublicKeyToken=b03f5f7f11d50a3a' file path 'C:\Program Files\dotnet\sdk\6.0.300\Extensions\Microsoft.VisualStudio.TestPlatform.Extensions.Trx.TestLogger.dll'
TpTrace Verbose: 0 : 42620, 1, 2022/08/07, 15:16:06.170, 5175057821650, vstest.console.dll, TestPluginCache: Discovered the extensions using extension path ''.
TpTrace Verbose: 0 : 42620, 1, 2022/08/07, 15:16:06.170, 5175057822386, vstest.console.dll, TestPluginCache: Discoverers are ''.
TpTrace Verbose: 0 : 42620, 1, 2022/08/07, 15:16:06.170, 5175057822542, vstest.console.dll, TestPluginCache: Executors are ''.
TpTrace Verbose: 0 : 42620, 1, 2022/08/07, 15:16:06.170, 5175057822673, vstest.console.dll, TestPluginCache: Executors2 are ''.
TpTrace Verbose: 0 : 42620, 1, 2022/08/07, 15:16:06.170, 5175057822803, vstest.console.dll, TestPluginCache: Setting providers are ''.
TpTrace Verbose: 0 : 42620, 1, 2022/08/07, 15:16:06.170, 5175057822970, vstest.console.dll, TestPluginCache: Loggers are ''.
TpTrace Verbose: 0 : 42620, 1, 2022/08/07, 15:16:06.170, 5175057824064, vstest.console.dll, TestPluginCache: TestHosts are 'HostProvider://DefaultTestHost,HostProvider://DotnetTestHost'.
TpTrace Verbose: 0 : 42620, 1, 2022/08/07, 15:16:06.170, 5175057824273, vstest.console.dll, TestPluginCache: DataCollectors are ''.
TpTrace Information: 0 : 42620, 1, 2022/08/07, 15:16:06.180, 5175057920871, vstest.console.dll, RunTestsArgumentProcessor:Execute: Test run is starting.
TpTrace Verbose: 0 : 42620, 1, 2022/08/07, 15:16:06.180, 5175057921677, vstest.console.dll, RunTestsArgumentProcessor:Execute: Queuing Test run.
TpTrace Information: 0 : 42620, 1, 2022/08/07, 15:16:06.181, 5175057926960, vstest.console.dll, TestRequestManager.RunTests: run tests started.
TpTrace Information: 0 : 42620, 1, 2022/08/07, 15:16:06.183, 5175057949312, vstest.console.dll, AssemblyMetadataProvider.GetFrameWork: Determined framework:'.NETCoreApp,Version=v6.0' for source: 'C:\Users\hp\Videos\repo\BankSystemTest\bin\Debug\net6.0\fine-code-coverage\build-output\BankSystemTest.dll'
TpTrace Information: 0 : 42620, 1, 2022/08/07, 15:16:06.183, 5175057950887, vstest.console.dll, Determined framework for all sources: .NETCoreApp,Version=v6.0
TpTrace Verbose: 0 : 42620, 1, 2022/08/07, 15:16:06.184, 5175057956115, vstest.console.dll, TestRequestManager.UpdateRunSettingsIfRequired: Default architecture: X64 IsDefaultTargetArchitecture: True, Current process architecture: X64 OperatingSystem: Windows.
TpTrace Information: 0 : 42620, 1, 2022/08/07, 15:16:06.184, 5175057958651, vstest.console.dll, AssemblyMetadataProvider.GetArchitecture: Determined architecture:AnyCPU info for assembly: C:\Users\hp\Videos\repo\BankSystemTest\bin\Debug\net6.0\fine-code-coverage\build-output\BankSystemTest.dll
TpTrace Information: 0 : 42620, 1, 2022/08/07, 15:16:06.184, 5175057959041, vstest.console.dll, Determined platform for source 'C:\Users\hp\Videos\repo\BankSystemTest\bin\Debug\net6.0\fine-code-coverage\build-output\BankSystemTest.dll' is 'AnyCPU'
TpTrace Information: 0 : 42620, 1, 2022/08/07, 15:16:06.185, 5175057972927, vstest.console.dll, Determined platform for all sources: X64
TpTrace Information: 0 : 42620, 1, 2022/08/07, 15:16:06.185, 5175057973505, vstest.console.dll, Infered platform 'X64'.
TpTrace Information: 0 : 42620, 1, 2022/08/07, 15:16:06.185, 5175057973731, vstest.console.dll, Platform update to 'X64' required.
TpTrace Information: 0 : 42620, 1, 2022/08/07, 15:16:06.188, 5175057999945, vstest.console.dll, Compatible sources list: 
TpTrace Information: 0 : 42620, 1, 2022/08/07, 15:16:06.188, 5175058001012, vstest.console.dll, C:\Users\hp\Videos\repo\BankSystemTest\bin\Debug\net6.0\fine-code-coverage\build-output\BankSystemTest.dll
TpTrace Information: 0 : 42620, 1, 2022/08/07, 15:16:06.192, 5175058038446, vstest.console.dll, InferRunSettingsHelper.IsTestSettingsEnabled: Unable to navigate to RunSettings/MSTest. Current node: RunSettings
TpTrace Information: 0 : 42620, 1, 2022/08/07, 15:16:06.193, 5175058046385, vstest.console.dll, AssemblyResolver.OnResolve: Microsoft.VisualStudio.TestPlatform.Fakes: Resolving assembly.
TpTrace Information: 0 : 42620, 1, 2022/08/07, 15:16:06.193, 5175058047022, vstest.console.dll, AssemblyResolver.OnResolve: Microsoft.VisualStudio.TestPlatform.Fakes: Searching in: 'C:\Program Files\dotnet\sdk\6.0.300\Extensions'.
TpTrace Information: 0 : 42620, 1, 2022/08/07, 15:16:06.193, 5175058047697, vstest.console.dll, AssemblyResolver.OnResolve: Microsoft.VisualStudio.TestPlatform.Fakes: Assembly path does not exist: 'C:\Program Files\dotnet\sdk\6.0.300\Extensions\Microsoft.VisualStudio.TestPlatform.Fakes.dll', returning.
TpTrace Information: 0 : 42620, 1, 2022/08/07, 15:16:06.193, 5175058048007, vstest.console.dll, AssemblyResolver.OnResolve: Microsoft.VisualStudio.TestPlatform.Fakes: Assembly path does not exist: 'C:\Program Files\dotnet\sdk\6.0.300\Extensions\Microsoft.VisualStudio.TestPlatform.Fakes.exe', returning.
TpTrace Information: 0 : 42620, 1, 2022/08/07, 15:16:06.193, 5175058048206, vstest.console.dll, AssemblyResolver.OnResolve: Microsoft.VisualStudio.TestPlatform.Fakes: Searching in: 'C:\Program Files\dotnet\sdk\6.0.300'.
TpTrace Information: 0 : 42620, 1, 2022/08/07, 15:16:06.193, 5175058048530, vstest.console.dll, AssemblyResolver.OnResolve: Microsoft.VisualStudio.TestPlatform.Fakes: Assembly path does not exist: 'C:\Program Files\dotnet\sdk\6.0.300\Microsoft.VisualStudio.TestPlatform.Fakes.dll', returning.
TpTrace Information: 0 : 42620, 1, 2022/08/07, 15:16:06.193, 5175058048805, vstest.console.dll, AssemblyResolver.OnResolve: Microsoft.VisualStudio.TestPlatform.Fakes: Assembly path does not exist: 'C:\Program Files\dotnet\sdk\6.0.300\Microsoft.VisualStudio.TestPlatform.Fakes.exe', returning.
TpTrace Information: 0 : 42620, 1, 2022/08/07, 15:16:06.193, 5175058048957, vstest.console.dll, AssemblyResolver.OnResolve: Microsoft.VisualStudio.TestPlatform.Fakes: Failed to load assembly.
TpTrace Information: 0 : 42620, 1, 2022/08/07, 15:16:06.193, 5175058051175, vstest.console.dll, Failed to load assembly Microsoft.VisualStudio.TestPlatform.Fakes, Version=17.0.0.0, Culture=neutral. Reason:System.IO.FileNotFoundException: Could not load file or assembly 'Microsoft.VisualStudio.TestPlatform.Fakes, Version=17.0.0.0, Culture=neutral, PublicKeyToken=null'. The system cannot find the file specified.
File name: 'Microsoft.VisualStudio.TestPlatform.Fakes, Version=17.0.0.0, Culture=neutral, PublicKeyToken=null'
   at System.Reflection.RuntimeAssembly.InternalLoad(ObjectHandleOnStack assemblyName, ObjectHandleOnStack requestingAssembly, StackCrawlMarkHandle stackMark, Boolean throwOnFileNotFound, ObjectHandleOnStack assemblyLoadContext, ObjectHandleOnStack retAssembly)
   at System.Reflection.RuntimeAssembly.InternalLoad(AssemblyName assemblyName, RuntimeAssembly requestingAssembly, StackCrawlMark& stackMark, Boolean throwOnFileNotFound, AssemblyLoadContext assemblyLoadContext)
   at System.Reflection.Assembly.Load(AssemblyName assemblyRef)
   at Microsoft.VisualStudio.TestPlatform.Common.Utilities.FakesUtilities.LoadTestPlatformAssembly()
TpTrace Verbose: 0 : 42620, 1, 2022/08/07, 15:16:06.197, 5175058087567, vstest.console.dll, TestPluginCache.DiscoverTestExtensions: finding test extensions in assemblies ends with: TestLogger.dll TPluginInfo: Microsoft.VisualStudio.TestPlatform.Common.ExtensionFramework.Utilities.TestLoggerPluginInformation TExtension: Microsoft.VisualStudio.TestPlatform.ObjectModel.Client.ITestLogger
TpTrace Verbose: 0 : 42620, 1, 2022/08/07, 15:16:06.197, 5175058088499, vstest.console.dll, TestPluginCache.GetExtensionPaths: Filtered extension paths: 
TpTrace Verbose: 0 : 42620, 1, 2022/08/07, 15:16:06.197, 5175058088678, vstest.console.dll, TestPluginCache.GetExtensionPaths: Added default extension paths: C:\Program Files\dotnet\sdk\6.0.300\Extensions\DumpMinitool.exe
C:\Program Files\dotnet\sdk\6.0.300\Extensions\DumpMinitool.x86.exe
C:\Program Files\dotnet\sdk\6.0.300\Extensions\Microsoft.Diagnostics.NETCore.Client.dll
C:\Program Files\dotnet\sdk\6.0.300\Extensions\Microsoft.TestPlatform.Extensions.BlameDataCollector.dll
C:\Program Files\dotnet\sdk\6.0.300\Extensions\Microsoft.TestPlatform.Extensions.EventLogCollector.dll
C:\Program Files\dotnet\sdk\6.0.300\Extensions\Microsoft.TestPlatform.TestHostRuntimeProvider.dll
C:\Program Files\dotnet\sdk\6.0.300\Extensions\Microsoft.VisualStudio.TestPlatform.Extensions.Html.TestLogger.dll
C:\Program Files\dotnet\sdk\6.0.300\Extensions\Microsoft.VisualStudio.TestPlatform.Extensions.Trx.TestLogger.dll
TpTrace Verbose: 0 : 42620, 1, 2022/08/07, 15:16:06.197, 5175058088880, vstest.console.dll, TestPluginCache.GetExtensionPaths: Added unfilterableExtensionPaths: 
TpTrace Information: 0 : 42620, 1, 2022/08/07, 15:16:06.197, 5175058089906, vstest.console.dll, AssemblyResolver.AddSearchDirectories: Adding more searchDirectories C:\Program Files\dotnet\sdk\6.0.300\Extensions,C:\Program Files\dotnet\sdk\6.0.300
TpTrace Verbose: 0 : 42620, 1, 2022/08/07, 15:16:06.197, 5175058090175, vstest.console.dll, TestPluginCache.DiscoverTestExtensions: Discovering the extensions using extension path.
TpTrace Verbose: 0 : 42620, 1, 2022/08/07, 15:16:06.197, 5175058090395, vstest.console.dll, TestPluginCache.GetExtensionPaths: Filtered extension paths: 
TpTrace Verbose: 0 : 42620, 1, 2022/08/07, 15:16:06.197, 5175058090551, vstest.console.dll, TestPluginCache.GetExtensionPaths: Added default extension paths: C:\Program Files\dotnet\sdk\6.0.300\Extensions\DumpMinitool.exe
C:\Program Files\dotnet\sdk\6.0.300\Extensions\DumpMinitool.x86.exe
C:\Program Files\dotnet\sdk\6.0.300\Extensions\Microsoft.Diagnostics.NETCore.Client.dll
C:\Program Files\dotnet\sdk\6.0.300\Extensions\Microsoft.TestPlatform.Extensions.BlameDataCollector.dll
C:\Program Files\dotnet\sdk\6.0.300\Extensions\Microsoft.TestPlatform.Extensions.EventLogCollector.dll
C:\Program Files\dotnet\sdk\6.0.300\Extensions\Microsoft.TestPlatform.TestHostRuntimeProvider.dll
C:\Program Files\dotnet\sdk\6.0.300\Extensions\Microsoft.VisualStudio.TestPlatform.Extensions.Html.TestLogger.dll
C:\Program Files\dotnet\sdk\6.0.300\Extensions\Microsoft.VisualStudio.TestPlatform.Extensions.Trx.TestLogger.dll
TpTrace Verbose: 0 : 42620, 1, 2022/08/07, 15:16:06.197, 5175058090781, vstest.console.dll, TestPluginCache.GetExtensionPaths: Added unfilterableExtensionPaths: 
TpTrace Verbose: 0 : 42620, 1, 2022/08/07, 15:16:06.197, 5175058090948, vstest.console.dll, TestPluginCache.DiscoverTestExtensions: Discovering the extensions using allExtensionPaths: C:\Program Files\dotnet\sdk\6.0.300\Extensions\DumpMinitool.exe
C:\Program Files\dotnet\sdk\6.0.300\Extensions\DumpMinitool.x86.exe
C:\Program Files\dotnet\sdk\6.0.300\Extensions\Microsoft.Diagnostics.NETCore.Client.dll
C:\Program Files\dotnet\sdk\6.0.300\Extensions\Microsoft.TestPlatform.Extensions.BlameDataCollector.dll
C:\Program Files\dotnet\sdk\6.0.300\Extensions\Microsoft.TestPlatform.Extensions.EventLogCollector.dll
C:\Program Files\dotnet\sdk\6.0.300\Extensions\Microsoft.TestPlatform.TestHostRuntimeProvider.dll
C:\Program Files\dotnet\sdk\6.0.300\Extensions\Microsoft.VisualStudio.TestPlatform.Extensions.Html.TestLogger.dll
C:\Program Files\dotnet\sdk\6.0.300\Extensions\Microsoft.VisualStudio.TestPlatform.Extensions.Trx.TestLogger.dll
TpTrace Information: 0 : 42620, 1, 2022/08/07, 15:16:06.197, 5175058091375, vstest.console.dll, AssemblyResolver.AddSearchDirectories: Adding more searchDirectories C:\Program Files\dotnet\sdk\6.0.300\Extensions,C:\Program Files\dotnet\sdk\6.0.300
TpTrace Information: 0 : 42620, 1, 2022/08/07, 15:16:06.197, 5175058091543, vstest.console.dll, AssemblyResolver.AddSearchDirectories: Adding more searchDirectories C:\Program Files\dotnet\sdk\6.0.300\Extensions,C:\Program Files\dotnet\sdk\6.0.300
TpTrace Information: 0 : 42620, 1, 2022/08/07, 15:16:06.197, 5175058091697, vstest.console.dll, AssemblyResolver.AddSearchDirectories: Adding more searchDirectories C:\Program Files\dotnet\sdk\6.0.300\Extensions,C:\Program Files\dotnet\sdk\6.0.300
TpTrace Information: 0 : 42620, 1, 2022/08/07, 15:16:06.197, 5175058091877, vstest.console.dll, AssemblyResolver.AddSearchDirectories: Adding more searchDirectories C:\Program Files\dotnet\sdk\6.0.300\Extensions,C:\Program Files\dotnet\sdk\6.0.300
TpTrace Information: 0 : 42620, 1, 2022/08/07, 15:16:06.197, 5175058092026, vstest.console.dll, AssemblyResolver.AddSearchDirectories: Adding more searchDirectories C:\Program Files\dotnet\sdk\6.0.300\Extensions,C:\Program Files\dotnet\sdk\6.0.300
TpTrace Information: 0 : 42620, 1, 2022/08/07, 15:16:06.197, 5175058092174, vstest.console.dll, AssemblyResolver.AddSearchDirectories: Adding more searchDirectories C:\Program Files\dotnet\sdk\6.0.300\Extensions,C:\Program Files\dotnet\sdk\6.0.300
TpTrace Information: 0 : 42620, 1, 2022/08/07, 15:16:06.197, 5175058092355, vstest.console.dll, AssemblyResolver.AddSearchDirectories: Adding more searchDirectories C:\Program Files\dotnet\sdk\6.0.300\Extensions,C:\Program Files\dotnet\sdk\6.0.300
TpTrace Information: 0 : 42620, 1, 2022/08/07, 15:16:06.197, 5175058092510, vstest.console.dll, AssemblyResolver.AddSearchDirectories: Adding more searchDirectories C:\Program Files\dotnet\sdk\6.0.300\Extensions,C:\Program Files\dotnet\sdk\6.0.300
TpTrace Verbose: 0 : 42620, 1, 2022/08/07, 15:16:06.197, 5175058093835, vstest.console.dll, MetadataReaderExtensionsHelper: Discovering extensions inside assembly 'DumpMinitool, Version=15.0.0.0, Culture=neutral, PublicKeyToken=b03f5f7f11d50a3a' file path 'C:\Program Files\dotnet\sdk\6.0.300\Extensions\DumpMinitool.exe'
TpTrace Verbose: 0 : 42620, 1, 2022/08/07, 15:16:06.198, 5175058100596, vstest.console.dll, MetadataReaderExtensionsHelper: Discovering extensions inside assembly 'DumpMinitool.x86, Version=15.0.0.0, Culture=neutral, PublicKeyToken=b03f5f7f11d50a3a' file path 'C:\Program Files\dotnet\sdk\6.0.300\Extensions\DumpMinitool.x86.exe'
TpTrace Verbose: 0 : 42620, 1, 2022/08/07, 15:16:06.199, 5175058104537, vstest.console.dll, MetadataReaderExtensionsHelper: Discovering extensions inside assembly 'Microsoft.Diagnostics.NETCore.Client, Version=0.2.5.801, Culture=neutral, PublicKeyToken=31bf3856ad364e35' file path 'C:\Program Files\dotnet\sdk\6.0.300\Extensions\Microsoft.Diagnostics.NETCore.Client.dll'
TpTrace Information: 0 : 42620, 1, 2022/08/07, 15:16:06.199, 5175058109260, vstest.console.dll, AssemblyResolver.OnResolve: Microsoft.Bcl.AsyncInterfaces: Resolving assembly.
TpTrace Information: 0 : 42620, 1, 2022/08/07, 15:16:06.199, 5175058109788, vstest.console.dll, AssemblyResolver.OnResolve: Microsoft.Bcl.AsyncInterfaces: Resolved from cache.
TpTrace Verbose: 0 : 42620, 1, 2022/08/07, 15:16:06.199, 5175058109992, vstest.console.dll, CurrentDomainAssemblyResolve: Resolving assembly 'Microsoft.Bcl.AsyncInterfaces'.
TpTrace Information: 0 : 42620, 1, 2022/08/07, 15:16:06.199, 5175058110279, vstest.console.dll, AssemblyResolver.OnResolve: Microsoft.Bcl.AsyncInterfaces: Resolving assembly.
TpTrace Information: 0 : 42620, 1, 2022/08/07, 15:16:06.199, 5175058110451, vstest.console.dll, AssemblyResolver.OnResolve: Microsoft.Bcl.AsyncInterfaces: Resolved from cache.
TpTrace Verbose: 0 : 42620, 1, 2022/08/07, 15:16:06.199, 5175058110617, vstest.console.dll, CurrentDomainAssemblyResolve: Resolving assembly 'Microsoft.Bcl.AsyncInterfaces'.
TpTrace Verbose: 0 : 42620, 1, 2022/08/07, 15:16:06.199, 5175058110756, vstest.console.dll, CurrentDomainAssemblyResolve: Failed to resolve assembly 'Microsoft.Bcl.AsyncInterfaces'.
TpTrace Verbose: 0 : 42620, 1, 2022/08/07, 15:16:06.199, 5175058111967, vstest.console.dll, CurrentDomainAssemblyResolve: Failed to resolve assembly 'Microsoft.Bcl.AsyncInterfaces'.
TpTrace Warning: 0 : 42620, 1, 2022/08/07, 15:16:06.200, 5175058114606, vstest.console.dll, TestPluginDiscoverer: Failed to get types from assembly 'Microsoft.Diagnostics.NETCore.Client, Version=0.2.5.801, Culture=neutral, PublicKeyToken=31bf3856ad364e35'. Error: System.Reflection.ReflectionTypeLoadException: Unable to load one or more of the requested types.
Could not load file or assembly 'Microsoft.Bcl.AsyncInterfaces, Version=1.0.0.0, Culture=neutral, PublicKeyToken=cc7b13ffcd2ddd51'. The system cannot find the file specified.
   at System.Reflection.RuntimeModule.GetTypes(RuntimeModule module)
   at System.Reflection.Assembly.GetTypes()
   at Microsoft.VisualStudio.TestPlatform.Common.ExtensionFramework.TestPluginDiscoverer.GetTestExtensionsFromAssembly[TPluginInfo,TExtension](Assembly assembly, Dictionary`2 pluginInfos, String filePath)
System.IO.FileNotFoundException: Could not load file or assembly 'Microsoft.Bcl.AsyncInterfaces, Version=1.0.0.0, Culture=neutral, PublicKeyToken=cc7b13ffcd2ddd51'. The system cannot find the file specified.
File name: 'Microsoft.Bcl.AsyncInterfaces, Version=1.0.0.0, Culture=neutral, PublicKeyToken=cc7b13ffcd2ddd51'
 ---> System.IO.FileNotFoundException: Could not load file or assembly 'Microsoft.Bcl.AsyncInterfaces, Culture=neutral, PublicKeyToken=null'. The system cannot find the file specified.
File name: 'Microsoft.Bcl.AsyncInterfaces, Culture=neutral, PublicKeyToken=null'
   at System.Reflection.RuntimeAssembly.InternalLoad(ObjectHandleOnStack assemblyName, ObjectHandleOnStack requestingAssembly, StackCrawlMarkHandle stackMark, Boolean throwOnFileNotFound, ObjectHandleOnStack assemblyLoadContext, ObjectHandleOnStack retAssembly)
   at System.Reflection.RuntimeAssembly.InternalLoad(AssemblyName assemblyName, RuntimeAssembly requestingAssembly, StackCrawlMark& stackMark, Boolean throwOnFileNotFound, AssemblyLoadContext assemblyLoadContext)
   at System.Reflection.Assembly.Load(AssemblyName assemblyRef)
   at Microsoft.VisualStudio.TestPlatform.Common.ExtensionFramework.TestPluginCache.CurrentDomainAssemblyResolve(Object sender, AssemblyResolveEventArgs args)
   at Microsoft.VisualStudio.TestPlatform.PlatformAbstractions.PlatformAssemblyResolver.AssemblyResolverEvent(Object sender, Object eventArgs)
   at System.Runtime.Loader.AssemblyLoadContext.GetFirstResolvedAssemblyFromResolvingEvent(AssemblyName assemblyName)
   at System.Runtime.Loader.AssemblyLoadContext.ResolveUsingEvent(AssemblyName assemblyName)
   at System.Runtime.Loader.AssemblyLoadContext.ResolveUsingResolvingEvent(IntPtr gchManagedAssemblyLoadContext, AssemblyName assemblyName)
TpTrace Warning: 0 : 42620, 1, 2022/08/07, 15:16:06.200, 5175058115772, vstest.console.dll, LoaderExceptions: System.IO.FileNotFoundException: Could not load file or assembly 'Microsoft.Bcl.AsyncInterfaces, Version=1.0.0.0, Culture=neutral, PublicKeyToken=cc7b13ffcd2ddd51'. The system cannot find the file specified.
File name: 'Microsoft.Bcl.AsyncInterfaces, Version=1.0.0.0, Culture=neutral, PublicKeyToken=cc7b13ffcd2ddd51'
 ---> System.IO.FileNotFoundException: Could not load file or assembly 'Microsoft.Bcl.AsyncInterfaces, Culture=neutral, PublicKeyToken=null'. The system cannot find the file specified.
File name: 'Microsoft.Bcl.AsyncInterfaces, Culture=neutral, PublicKeyToken=null'
   at System.Reflection.RuntimeAssembly.InternalLoad(ObjectHandleOnStack assemblyName, ObjectHandleOnStack requestingAssembly, StackCrawlMarkHandle stackMark, Boolean throwOnFileNotFound, ObjectHandleOnStack assemblyLoadContext, ObjectHandleOnStack retAssembly)
   at System.Reflection.RuntimeAssembly.InternalLoad(AssemblyName assemblyName, RuntimeAssembly requestingAssembly, StackCrawlMark& stackMark, Boolean throwOnFileNotFound, AssemblyLoadContext assemblyLoadContext)
   at System.Reflection.Assembly.Load(AssemblyName assemblyRef)
   at Microsoft.VisualStudio.TestPlatform.Common.ExtensionFramework.TestPluginCache.CurrentDomainAssemblyResolve(Object sender, AssemblyResolveEventArgs args)
   at Microsoft.VisualStudio.TestPlatform.PlatformAbstractions.PlatformAssemblyResolver.AssemblyResolverEvent(Object sender, Object eventArgs)
   at System.Runtime.Loader.AssemblyLoadContext.GetFirstResolvedAssemblyFromResolvingEvent(AssemblyName assemblyName)
   at System.Runtime.Loader.AssemblyLoadContext.ResolveUsingEvent(AssemblyName assemblyName)
   at System.Runtime.Loader.AssemblyLoadContext.ResolveUsingResolvingEvent(IntPtr gchManagedAssemblyLoadContext, AssemblyName assemblyName)
TpTrace Verbose: 0 : 42620, 1, 2022/08/07, 15:16:06.200, 5175058116368, vstest.console.dll, MetadataReaderExtensionsHelper: Discovering extensions inside assembly 'Microsoft.TestPlatform.Extensions.BlameDataCollector, Version=15.0.0.0, Culture=neutral, PublicKeyToken=b03f5f7f11d50a3a' file path 'C:\Program Files\dotnet\sdk\6.0.300\Extensions\Microsoft.TestPlatform.Extensions.BlameDataCollector.dll'
TpTrace Information: 0 : 42620, 1, 2022/08/07, 15:16:06.200, 5175058124064, vstest.console.dll, GetTestExtensionFromType: Register extension with identifier data 'logger://Microsoft/TestPlatform/Extensions/Blame/v1' and type 'Microsoft.TestPlatform.Extensions.BlameDataCollector.BlameLogger, Microsoft.TestPlatform.Extensions.BlameDataCollector, Version=15.0.0.0, Culture=neutral, PublicKeyToken=b03f5f7f11d50a3a' inside file 'C:\Program Files\dotnet\sdk\6.0.300\Extensions\Microsoft.TestPlatform.Extensions.BlameDataCollector.dll'
TpTrace Verbose: 0 : 42620, 1, 2022/08/07, 15:16:06.201, 5175058124790, vstest.console.dll, MetadataReaderExtensionsHelper: Discovering extensions inside assembly 'Microsoft.TestPlatform.Extensions.EventLogCollector, Version=15.0.0.0, Culture=neutral, PublicKeyToken=b03f5f7f11d50a3a' file path 'C:\Program Files\dotnet\sdk\6.0.300\Extensions\Microsoft.TestPlatform.Extensions.EventLogCollector.dll'
TpTrace Verbose: 0 : 42620, 1, 2022/08/07, 15:16:06.201, 5175058129077, vstest.console.dll, MetadataReaderExtensionsHelper: Discovering extensions inside assembly 'Microsoft.TestPlatform.TestHostRuntimeProvider, Version=15.0.0.0, Culture=neutral, PublicKeyToken=b03f5f7f11d50a3a' file path 'C:\Program Files\dotnet\sdk\6.0.300\Extensions\Microsoft.TestPlatform.TestHostRuntimeProvider.dll'
TpTrace Verbose: 0 : 42620, 1, 2022/08/07, 15:16:06.201, 5175058133277, vstest.console.dll, MetadataReaderExtensionsHelper: Discovering extensions inside assembly 'Microsoft.VisualStudio.TestPlatform.Extensions.Html.TestLogger, Version=15.0.0.0, Culture=neutral, PublicKeyToken=b03f5f7f11d50a3a' file path 'C:\Program Files\dotnet\sdk\6.0.300\Extensions\Microsoft.VisualStudio.TestPlatform.Extensions.Html.TestLogger.dll'
TpTrace Information: 0 : 42620, 1, 2022/08/07, 15:16:06.216, 5175058276343, vstest.console.dll, GetTestExtensionFromType: Register extension with identifier data 'logger://Microsoft/TestPlatform/HtmlLogger/v1' and type 'Microsoft.VisualStudio.TestPlatform.Extensions.HtmlLogger.HtmlLogger, Microsoft.VisualStudio.TestPlatform.Extensions.Html.TestLogger, Version=15.0.0.0, Culture=neutral, PublicKeyToken=b03f5f7f11d50a3a' inside file 'C:\Program Files\dotnet\sdk\6.0.300\Extensions\Microsoft.VisualStudio.TestPlatform.Extensions.Html.TestLogger.dll'
TpTrace Verbose: 0 : 42620, 1, 2022/08/07, 15:16:06.217, 5175058289029, vstest.console.dll, MetadataReaderExtensionsHelper: Discovering extensions inside assembly 'Microsoft.VisualStudio.TestPlatform.Extensions.Trx.TestLogger, Version=15.0.0.0, Culture=neutral, PublicKeyToken=b03f5f7f11d50a3a' file path 'C:\Program Files\dotnet\sdk\6.0.300\Extensions\Microsoft.VisualStudio.TestPlatform.Extensions.Trx.TestLogger.dll'
TpTrace Information: 0 : 42620, 1, 2022/08/07, 15:16:06.235, 5175058472837, vstest.console.dll, GetTestExtensionFromType: Register extension with identifier data 'logger://Microsoft/TestPlatform/TrxLogger/v1' and type 'Microsoft.VisualStudio.TestPlatform.Extensions.TrxLogger.TrxLogger, Microsoft.VisualStudio.TestPlatform.Extensions.Trx.TestLogger, Version=15.0.0.0, Culture=neutral, PublicKeyToken=b03f5f7f11d50a3a' inside file 'C:\Program Files\dotnet\sdk\6.0.300\Extensions\Microsoft.VisualStudio.TestPlatform.Extensions.Trx.TestLogger.dll'
TpTrace Verbose: 0 : 42620, 1, 2022/08/07, 15:16:06.236, 5175058474376, vstest.console.dll, TestPluginCache: Discovered the extensions using extension path ''.
TpTrace Verbose: 0 : 42620, 1, 2022/08/07, 15:16:06.236, 5175058474672, vstest.console.dll, TestPluginCache: Discoverers are ''.
TpTrace Verbose: 0 : 42620, 1, 2022/08/07, 15:16:06.236, 5175058474888, vstest.console.dll, TestPluginCache: Executors are ''.
TpTrace Verbose: 0 : 42620, 1, 2022/08/07, 15:16:06.236, 5175058475086, vstest.console.dll, TestPluginCache: Executors2 are ''.
TpTrace Verbose: 0 : 42620, 1, 2022/08/07, 15:16:06.236, 5175058475301, vstest.console.dll, TestPluginCache: Setting providers are ''.
TpTrace Verbose: 0 : 42620, 1, 2022/08/07, 15:16:06.236, 5175058476160, vstest.console.dll, TestPluginCache: Loggers are 'logger://Microsoft/TestPlatform/Extensions/Blame/v1,logger://Microsoft/TestPlatform/HtmlLogger/v1,logger://Microsoft/TestPlatform/TrxLogger/v1'.
TpTrace Verbose: 0 : 42620, 1, 2022/08/07, 15:16:06.236, 5175058476563, vstest.console.dll, TestPluginCache: TestHosts are 'HostProvider://DefaultTestHost,HostProvider://DotnetTestHost'.
TpTrace Verbose: 0 : 42620, 1, 2022/08/07, 15:16:06.236, 5175058476770, vstest.console.dll, TestPluginCache: DataCollectors are ''.
TpTrace Information: 0 : 42620, 1, 2022/08/07, 15:16:06.237, 5175058484388, vstest.console.dll, TestPluginManager.CreateTestExtension: Attempting to load test extension: Microsoft.TestPlatform.Extensions.BlameDataCollector.BlameLogger
TpTrace Information: 0 : 42620, 1, 2022/08/07, 15:16:06.241, 5175058532005, vstest.console.dll, TestPluginManager.CreateTestExtension: Attempting to load test extension: Microsoft.VisualStudio.TestPlatform.CrossPlatEngine.Hosting.DefaultTestHostManager
TpTrace Information: 0 : 42620, 1, 2022/08/07, 15:16:06.242, 5175058537626, vstest.console.dll, TestPluginManager.CreateTestExtension: Attempting to load test extension: Microsoft.VisualStudio.TestPlatform.CrossPlatEngine.Hosting.DotnetTestHostManager
TpTrace Verbose: 0 : 42620, 1, 2022/08/07, 15:16:06.242, 5175058542076, vstest.console.dll, TestEngine: Initializing Parallel Execution as MaxCpuCount is set to: 1
TpTrace Information: 0 : 42620, 1, 2022/08/07, 15:16:06.243, 5175058546730, vstest.console.dll, InferRunSettingsHelper.IsTestSettingsEnabled: Unable to navigate to RunSettings/MSTest. Current node: RunSettings
TpTrace Verbose: 0 : 42620, 1, 2022/08/07, 15:16:06.244, 5175058557837, vstest.console.dll, TestRequestSender is acting as server.
TpTrace Verbose: 0 : 42620, 1, 2022/08/07, 15:16:06.245, 5175058567514, vstest.console.dll, TestEngine.GetExecutionManager: Chosen execution manager 'Microsoft.VisualStudio.TestPlatform.CrossPlatEngine.Client.Parallel.ParallelProxyExecutionManager, Microsoft.TestPlatform.CrossPlatEngine, Version=15.0.0.0, Culture=neutral, PublicKeyToken=b03f5f7f11d50a3a' ParallelLevel '1' Shared host 'False'
TpTrace Verbose: 0 : 42620, 5, 2022/08/07, 15:16:06.247, 5175058589318, vstest.console.dll, DataCollectionRequestSender.InitializeCommunication : Initialize communication. 
TpTrace Information: 0 : 42620, 5, 2022/08/07, 15:16:06.252, 5175058634437, vstest.console.dll, Listening on Endpoint : 127.0.0.1:51840
TpTrace Verbose: 0 : 42620, 5, 2022/08/07, 15:16:06.257, 5175058684413, vstest.console.dll, DotnetDataCollectionLauncher: Full path of dotnet.exe is C:\Program Files\dotnet\dotnet.exe
TpTrace Verbose: 0 : 42620, 5, 2022/08/07, 15:16:06.258, 5175058695704, vstest.console.dll, DotnetDataCollectionLauncher: Adding  --runtimeconfig "C:\Program Files\dotnet\sdk\6.0.300\datacollector.runtimeconfig.json" in args
TpTrace Verbose: 0 : 42620, 5, 2022/08/07, 15:16:06.258, 5175058698187, vstest.console.dll, DotnetDataCollectionLauncher: Adding  --depsfile "C:\Program Files\dotnet\sdk\6.0.300\datacollector.deps.json" in args
TpTrace Information: 0 : 42620, 5, 2022/08/07, 15:16:06.265, 5175058769699, vstest.console.dll, ProxyDataCollectionManager.Initialize: Launched datacollector processId: 25532 port: 51840
TpTrace Information: 0 : 42620, 5, 2022/08/07, 15:16:06.265, 5175058771260, vstest.console.dll, ProxyDataCollectionManager.Initialize: waiting for connection with timeout: 90 seconds
TpTrace Verbose: 0 : 42620, 5, 2022/08/07, 15:16:06.265, 5175058771756, vstest.console.dll, DataCollectionRequestSender.WaitForRequestHandlerConnection : Waiting for connection with timeout: 90000
TpTrace Information: 0 : 42620, 8, 2022/08/07, 15:16:06.366, 5175059774923, vstest.console.dll, Using the buffer size of 16384 bytes
TpTrace Information: 0 : 42620, 8, 2022/08/07, 15:16:06.366, 5175059775852, vstest.console.dll, Accepted Client request and set the flag
TpTrace Verbose: 0 : 42620, 5, 2022/08/07, 15:16:06.366, 5175059775097, vstest.console.dll, SocketCommunicationManager.WaitForClientConnection took: 100 ms, with 90000 ms timeout, and finished with True.
TpTrace Verbose: 0 : 42620, 5, 2022/08/07, 15:16:06.366, 5175059776936, vstest.console.dll, ProxyDataCollectionManager.InvokeDataCollectionServiceAction: Starting.
TpTrace Information: 0 : 42620, 5, 2022/08/07, 15:16:06.366, 5175059777605, vstest.console.dll, ProxyDataCollectionManager.BeforeTestRunStart: Get environment variable and port for datacollector processId: 25532 port: 51840
TpTrace Verbose: 0 : 42620, 5, 2022/08/07, 15:16:06.366, 5175059778723, vstest.console.dll, DataCollectionRequestSender.SendBeforeTestRunStartAndGetResult: Send BeforeTestRunStart message with settingsXml <RunSettings><RunConfiguration><ResultsDirectory>C:\Users\hp\Videos\repo\BankSystemTest\bin\Debug\net6.0\fine-code-coverage\coverage-tool-output</ResultsDirectory><TargetPlatform>X64</TargetPlatform><TargetFrameworkVersion>.NETCoreApp,Version=v6.0</TargetFrameworkVersion><DesignMode>False</DesignMode><CollectSourceInformation>False</CollectSourceInformation><TestAdaptersPaths>C:\Program Files\dotnet\sdk\6.0.300\Extensions</TestAdaptersPaths></RunConfiguration><LoggerRunSettings><Loggers><Logger friendlyName="blame" enabled="True" /><Logger friendlyName="Console" uri="logger://microsoft/TestPlatform/ConsoleLogger/v1" assemblyQualifiedName="Microsoft.VisualStudio.TestPlatform.CommandLine.Internal.ConsoleLogger, vstest.console, Version=15.0.0.0, Culture=neutral, PublicKeyToken=b03f5f7f11d50a3a" codeBase="C:\Program Files\dotnet\sdk\6.0.300\vstest.console.dll" enabled="True" /></Loggers></LoggerRunSettings><DataCollectionRunSettings><DataCollectors><DataCollector friendlyName="blame" enabled="True"><Configuration><ResultsDirectory>C:\Users\hp\Videos\repo\BankSystemTest\bin\Debug\net6.0\fine-code-coverage\coverage-tool-output</ResultsDirectory></Configuration></DataCollector></DataCollectors></DataCollectionRunSettings></RunSettings> and sources System.Linq.Enumerable+Concat2Iterator`1[System.String]: 
TpTrace Verbose: 0 : 42620, 5, 2022/08/07, 15:16:06.419, 5175060312395, vstest.console.dll, DataCollectionRequestSender.SendBeforeTestRunStartAndGetResult: Received message: (DataCollection.SendMessage) -> {
  "FriendlyName": null,
  "Uri": null,
  "TestCaseId": "00000000-0000-0000-0000-000000000000",
  "Message": "Logging DataCollector Diagnostics in file: C:\\Users\\hp\\Videos\\repo\\BankSystemTest\\bin\\Debug\\net6.0\\fine-code-coverage\\coverage-tool-output\\diagnostics.datacollector.22-08-07_15-16-06_25681_5.log",
  "Level": 0
}
TpTrace Verbose: 0 : 42620, 5, 2022/08/07, 15:16:06.480, 5175060915281, vstest.console.dll, DataCollectionRequestSender.SendBeforeTestRunStartAndGetResult: Received message: (DataCollection.BeforeTestRunStartResult) -> {
  "EnvironmentVariables": {},
  "DataCollectionEventsPort": 51842
}
TpTrace Information: 0 : 42620, 5, 2022/08/07, 15:16:06.484, 5175060956946, vstest.console.dll, ProxyDataCollectionManager.BeforeTestRunStart: SendBeforeTestRunStartAndGetResult successful, env variable from datacollector:   and testhost port: 51842
TpTrace Information: 0 : 42620, 5, 2022/08/07, 15:16:06.484, 5175060957964, vstest.console.dll, ProxyDataCollectionManager.InvokeDataCollectionServiceAction: Completed.
TpTrace Verbose: 0 : 42620, 1, 2022/08/07, 15:16:06.484, 5175060960116, vstest.console.dll, TestRunRequest.ExecuteAsync: Creating test run request.
TpTrace Verbose: 0 : 42620, 1, 2022/08/07, 15:16:06.484, 5175060962206, vstest.console.dll, TestRunRequest.ExecuteAsync: Starting.
TpTrace Information: 0 : 42620, 1, 2022/08/07, 15:16:06.484, 5175060964315, vstest.console.dll, TestRunRequest.ExecuteAsync: Starting run with settings:TestRunCriteria:
   KeepAlive=False,FrequencyOfRunStatsChangeEvent=10,RunStatsChangeEventTimeout=00:00:01.5000000,TestCaseFilter=,TestExecutorLauncher=
   Settingsxml=<RunSettings>
  <RunConfiguration>
    <ResultsDirectory>C:\Users\hp\Videos\repo\BankSystemTest\bin\Debug\net6.0\fine-code-coverage\coverage-tool-output</ResultsDirectory>
    <TargetPlatform>X64</TargetPlatform>
    <TargetFrameworkVersion>.NETCoreApp,Version=v6.0</TargetFrameworkVersion>
    <DesignMode>False</DesignMode>
    <CollectSourceInformation>False</CollectSourceInformation>
  </RunConfiguration>
  <LoggerRunSettings>
    <Loggers>
      <Logger friendlyName="blame" enabled="True" />
      <Logger friendlyName="Console" uri="logger://microsoft/TestPlatform/ConsoleLogger/v1" assemblyQualifiedName="Microsoft.VisualStudio.TestPlatform.CommandLine.Internal.ConsoleLogger, vstest.console, Version=15.0.0.0, Culture=neutral, PublicKeyToken=b03f5f7f11d50a3a" codeBase="C:\Program Files\dotnet\sdk\6.0.300\vstest.console.dll" enabled="True" />
    </Loggers>
  </LoggerRunSettings>
  <DataCollectionRunSettings>
    <DataCollectors>
      <DataCollector friendlyName="blame" enabled="True">
        <Configuration>
          <ResultsDirectory>C:\Users\hp\Videos\repo\BankSystemTest\bin\Debug\net6.0\fine-code-coverage\coverage-tool-output</ResultsDirectory>
        </Configuration>
      </DataCollector>
    </DataCollectors>
  </DataCollectionRunSettings>
</RunSettings>

TpTrace Verbose: 0 : 42620, 1, 2022/08/07, 15:16:06.485, 5175060964619, vstest.console.dll, TestRunRequest.ExecuteAsync: Wait for the first run request is over.
TpTrace Verbose: 0 : 42620, 1, 2022/08/07, 15:16:06.485, 5175060966385, vstest.console.dll, MulticastDelegateUtilities.SafeInvoke: TestRun.TestRunStart: Invoking callbacks was skipped because there are no subscribers.
TpTrace Verbose: 0 : 42620, 1, 2022/08/07, 15:16:06.485, 5175060967585, vstest.console.dll, ParallelProxyExecutionManager: Start execution. Total sources: 1
TpTrace Verbose: 0 : 42620, 4, 2022/08/07, 15:16:06.485, 5175060968845, vstest.console.dll, MulticastDelegateUtilities.SafeInvoke: InternalTestLoggerEvents.SendTestRunStart: Invoking callback 1/1 for Microsoft.VisualStudio.TestPlatform.CommandLine.Internal.ConsoleLogger.TestRunStartHandler, took 0 ms.
TpTrace Information: 0 : 42620, 1, 2022/08/07, 15:16:06.485, 5175060971810, vstest.console.dll, ProxyParallelExecutionManager: Triggering test run for next source: C:\Users\hp\Videos\repo\BankSystemTest\bin\Debug\net6.0\fine-code-coverage\build-output\BankSystemTest.dll
TpTrace Verbose: 0 : 42620, 1, 2022/08/07, 15:16:06.485, 5175060973154, vstest.console.dll, ProxyParallelExecutionManager: No sources available for execution.
TpTrace Verbose: 0 : 42620, 5, 2022/08/07, 15:16:06.485, 5175060973150, vstest.console.dll, ParallelProxyExecutionManager: Execution started. Started clients: 1
TpTrace Information: 0 : 42620, 1, 2022/08/07, 15:16:06.485, 5175060973458, vstest.console.dll, TestRunRequest.ExecuteAsync: Started.
TpTrace Verbose: 0 : 42620, 1, 2022/08/07, 15:16:06.486, 5175060974902, vstest.console.dll, TestRunRequest.WaitForCompletion: Waiting with timeout -1.
TpTrace Verbose: 0 : 42620, 5, 2022/08/07, 15:16:06.486, 5175060975521, vstest.console.dll, TestRunRequest:SendTestRunMessage: Starting.
TpTrace Verbose: 0 : 42620, 5, 2022/08/07, 15:16:06.486, 5175060976267, vstest.console.dll, MulticastDelegateUtilities.SafeInvoke: TestRun.LogMessages: Invoking callback 1/1 for Microsoft.VisualStudio.TestPlatform.CommandLine.TestRunResultAggregator.TestRunMessageHandler, took 0 ms.
TpTrace Information: 0 : 42620, 5, 2022/08/07, 15:16:06.486, 5175060976455, vstest.console.dll, TestRunRequest:SendTestRunMessage: Completed.
TpTrace Verbose: 0 : 42620, 4, 2022/08/07, 15:16:06.486, 5175060976732, vstest.console.dll, MulticastDelegateUtilities.SafeInvoke: InternalTestLoggerEvents.SendTestRunMessage: Invoking callback 1/1 for Microsoft.VisualStudio.TestPlatform.CommandLine.Internal.ConsoleLogger.TestMessageHandler, took 0 ms.
TpTrace Verbose: 0 : 42620, 5, 2022/08/07, 15:16:06.486, 5175060977697, vstest.console.dll, ProxyExecutionManager: Test host is always Lazy initialize.
TpTrace Verbose: 0 : 42620, 5, 2022/08/07, 15:16:06.486, 5175060978870, vstest.console.dll, TestRequestSender.InitializeCommunication: initialize communication. 
TpTrace Information: 0 : 42620, 5, 2022/08/07, 15:16:06.486, 5175060982181, vstest.console.dll, SocketServer.Start: Listening on endpoint : 127.0.0.1:51843
TpTrace Verbose: 0 : 42620, 5, 2022/08/07, 15:16:06.487, 5175060986091, vstest.console.dll, DotnetTestHostmanager.GetTestHostProcessStartInfo: Platform environment 'X64' target architecture 'X64' framework '.NETCoreApp,Version=v6.0' OS 'Windows'
TpTrace Verbose: 0 : 42620, 5, 2022/08/07, 15:16:06.487, 5175060987443, vstest.console.dll, DotnetTestHostmanager: Adding  --runtimeconfig "C:\Users\hp\Videos\repo\BankSystemTest\bin\Debug\net6.0\fine-code-coverage\build-output\BankSystemTest.runtimeconfig.json" in args
TpTrace Verbose: 0 : 42620, 5, 2022/08/07, 15:16:06.487, 5175060987889, vstest.console.dll, DotnetTestHostmanager: Adding  --depsfile "C:\Users\hp\Videos\repo\BankSystemTest\bin\Debug\net6.0\fine-code-coverage\build-output\BankSystemTest.deps.json" in args
TpTrace Verbose: 0 : 42620, 5, 2022/08/07, 15:16:06.487, 5175060989742, vstest.console.dll, DotnetTestHostmanager.IsWinOnArm: Current PROCESSOR_ARCHITECTURE from environment variable 'AMD64'
TpTrace Verbose: 0 : 42620, 5, 2022/08/07, 15:16:06.487, 5175060990097, vstest.console.dll, DotnetTestHostmanager.IsWinOnArm: Is Windows on ARM 'False'
TpTrace Verbose: 0 : 42620, 5, 2022/08/07, 15:16:06.487, 5175060990581, vstest.console.dll, DotnetTestHostManager: testhost.exe found at path: C:\Users\hp\Videos\repo\BankSystemTest\bin\Debug\net6.0\fine-code-coverage\build-output\testhost.exe
TpTrace Verbose: 0 : 42620, 5, 2022/08/07, 15:16:06.487, 5175060990789, vstest.console.dll, DotnetTestHostmanager: Full path of host exe is C:\Users\hp\Videos\repo\BankSystemTest\bin\Debug\net6.0\fine-code-coverage\build-output\testhost.exe
TpTrace Verbose: 0 : 42620, 5, 2022/08/07, 15:16:06.487, 5175060991456, vstest.console.dll, DotnetTestHostmanager.LaunchTestHostAsync: Found 'VSTEST_WINAPPHOST_DOTNET_ROOT' in env variables, value 'C:\Program Files\dotnet', forwarding to 'DOTNET_ROOT'
TpTrace Verbose: 0 : 42620, 7, 2022/08/07, 15:16:06.488, 5175060997929, vstest.console.dll, DotnetTestHostManager: Starting process 'C:\Users\hp\Videos\repo\BankSystemTest\bin\Debug\net6.0\fine-code-coverage\build-output\testhost.exe' with command line ' --runtimeconfig "C:\Users\hp\Videos\repo\BankSystemTest\bin\Debug\net6.0\fine-code-coverage\build-output\BankSystemTest.runtimeconfig.json" --depsfile "C:\Users\hp\Videos\repo\BankSystemTest\bin\Debug\net6.0\fine-code-coverage\build-output\BankSystemTest.deps.json" --port 51843 --endpoint 127.0.0.1:051843 --role client --parentprocessid 42620 --diag "C:\Users\hp\Videos\repo\BankSystemTest\bin\Debug\net6.0\fine-code-coverage\coverage-tool-output\diagnostics.host.22-08-07_15-16-06_48698_5.log" --tracelevel 4 --datacollectionport 51842 --telemetryoptedin false'
TpTrace Verbose: 0 : 42620, 7, 2022/08/07, 15:16:06.517, 5175061293675, vstest.console.dll, MulticastDelegateUtilities.SafeInvoke: HostProviderEvents.OnHostLaunched: Invoking callback 1/2 for Microsoft.VisualStudio.TestPlatform.CrossPlatEngine.Client.ProxyExecutionManagerWithDataCollection.TestHostLaunchedHandler, took 1 ms.
TpTrace Verbose: 0 : 42620, 7, 2022/08/07, 15:16:06.518, 5175061294654, vstest.console.dll, Test Runtime launched
TpTrace Verbose: 0 : 42620, 7, 2022/08/07, 15:16:06.518, 5175061294885, vstest.console.dll, MulticastDelegateUtilities.SafeInvoke: HostProviderEvents.OnHostLaunched: Invoking callback 2/2 for Microsoft.VisualStudio.TestPlatform.CrossPlatEngine.Client.ProxyOperationManager.TestHostManagerHostLaunched, took 0 ms.
TpTrace Verbose: 0 : 42620, 5, 2022/08/07, 15:16:06.518, 5175061298598, vstest.console.dll, TestRequestSender.WaitForRequestHandlerConnection: waiting for connection with timeout: 90000.
TpTrace Verbose: 0 : 42620, 7, 2022/08/07, 15:16:06.635, 5175062467668, vstest.console.dll, MulticastDelegateUtilities.SafeInvoke: SocketServer: ClientConnected: Invoking callback 1/1 for Microsoft.VisualStudio.TestPlatform.CommunicationUtilities.TestRequestSender.<InitializeCommunication>b__23_0, took 0 ms.
TpTrace Verbose: 0 : 42620, 5, 2022/08/07, 15:16:06.635, 5175062467645, vstest.console.dll, TestRequestSender.WaitForRequestHandlerConnection: waiting took 116 ms, with timeout 90000 ms, and result 0, which is success.
TpTrace Verbose: 0 : 42620, 7, 2022/08/07, 15:16:06.635, 5175062468619, vstest.console.dll, SocketServer.OnClientConnected: Client connected for endPoint: 127.0.0.1:51843, starting MessageLoopAsync:
TpTrace Verbose: 0 : 42620, 14, 2022/08/07, 15:16:06.635, 5175062470971, vstest.console.dll, TcpClientExtensions.MessageLoopAsync: Polling on remoteEndPoint: 127.0.0.1:51844 localEndPoint: 127.0.0.1:51843
TpTrace Verbose: 0 : 42620, 5, 2022/08/07, 15:16:06.636, 5175062478212, vstest.console.dll, TestRequestSender.CheckVersionWithTestHost: Sending check version message: {"MessageType":"ProtocolVersion","Payload":6}
TpTrace Verbose: 0 : 42620, 14, 2022/08/07, 15:16:06.746, 5175063577662, vstest.console.dll, TcpClientExtensions.MessageLoopAsync: NotifyDataAvailable remoteEndPoint: 127.0.0.1:51844 localEndPoint: 127.0.0.1:51843
TpTrace Verbose: 0 : 42620, 14, 2022/08/07, 15:16:06.746, 5175063582540, vstest.console.dll, TestRequestSender.CheckVersionWithTestHost: onMessageReceived received message: (ProtocolVersion) -> 5
TpTrace Verbose: 0 : 42620, 14, 2022/08/07, 15:16:06.747, 5175063587265, vstest.console.dll, MulticastDelegateUtilities.SafeInvoke: LengthPrefixCommunicationChannel: MessageReceived: Invoking callback 1/1 for Microsoft.VisualStudio.TestPlatform.CommunicationUtilities.TestRequestSender+<>c__DisplayClass25_0.<CheckVersionWithTestHost>b__0, took 0 ms.
TpTrace Verbose: 0 : 42620, 14, 2022/08/07, 15:16:06.747, 5175063587836, vstest.console.dll, TcpClientExtensions.MessageLoopAsync: Polling on remoteEndPoint: 127.0.0.1:51844 localEndPoint: 127.0.0.1:51843
TpTrace Verbose: 0 : 42620, 5, 2022/08/07, 15:16:06.747, 5175063588718, vstest.console.dll, TestPluginCache.GetExtensionPaths: Filtered extension paths: 
TpTrace Verbose: 0 : 42620, 5, 2022/08/07, 15:16:06.747, 5175063589154, vstest.console.dll, TestPluginCache.GetExtensionPaths: Added default extension paths: C:\Program Files\dotnet\sdk\6.0.300\Extensions\DumpMinitool.exe
C:\Program Files\dotnet\sdk\6.0.300\Extensions\DumpMinitool.x86.exe
C:\Program Files\dotnet\sdk\6.0.300\Extensions\Microsoft.Diagnostics.NETCore.Client.dll
C:\Program Files\dotnet\sdk\6.0.300\Extensions\Microsoft.TestPlatform.Extensions.BlameDataCollector.dll
C:\Program Files\dotnet\sdk\6.0.300\Extensions\Microsoft.TestPlatform.Extensions.EventLogCollector.dll
C:\Program Files\dotnet\sdk\6.0.300\Extensions\Microsoft.TestPlatform.TestHostRuntimeProvider.dll
C:\Program Files\dotnet\sdk\6.0.300\Extensions\Microsoft.VisualStudio.TestPlatform.Extensions.Html.TestLogger.dll
C:\Program Files\dotnet\sdk\6.0.300\Extensions\Microsoft.VisualStudio.TestPlatform.Extensions.Trx.TestLogger.dll
TpTrace Verbose: 0 : 42620, 5, 2022/08/07, 15:16:06.747, 5175063589363, vstest.console.dll, TestPluginCache.GetExtensionPaths: Added unfilterableExtensionPaths: 
TpTrace Verbose: 0 : 42620, 5, 2022/08/07, 15:16:06.750, 5175063621335, vstest.console.dll, TestRequestSender.InitializeExecution: Sending initialize execution with message: {"Version":5,"MessageType":"TestExecution.Initialize","Payload":["C:\\Users\\hp\\Videos\\repo\\BankSystemTest\\bin\\Debug\\net6.0\\fine-code-coverage\\build-output\\xunit.runner.visualstudio.dotnetcore.testadapter.dll"]}
TpTrace Warning: 0 : 42620, 5, 2022/08/07, 15:16:06.750, 5175063624319, vstest.console.dll, InferRunSettingsHelper.MakeRunsettingsCompatible: Removing the following settings: TargetPlatform from RunSettings file. To use those settings please move to latest version of Microsoft.NET.Test.Sdk
TpTrace Verbose: 0 : 42620, 14, 2022/08/07, 15:16:06.756, 5175063677030, vstest.console.dll, TcpClientExtensions.MessageLoopAsync: NotifyDataAvailable remoteEndPoint: 127.0.0.1:51844 localEndPoint: 127.0.0.1:51843
TpTrace Verbose: 0 : 42620, 14, 2022/08/07, 15:16:06.756, 5175063678272, vstest.console.dll, TestRequestSender.OnExecutionMessageReceived: Received message: {"Version":5,"MessageType":"TestSession.Message","Payload":{"MessageLevel":0,"Message":"Logging TestHost Diagnostics in file: C:\\Users\\hp\\Videos\\repo\\BankSystemTest\\bin\\Debug\\net6.0\\fine-code-coverage\\coverage-tool-output\\diagnostics.host.22-08-07_15-16-06_48698_5.log"}}
TpTrace Verbose: 0 : 42620, 14, 2022/08/07, 15:16:06.757, 5175063692069, vstest.console.dll, TestRunRequest:SendTestRunMessage: Starting.
TpTrace Verbose: 0 : 42620, 14, 2022/08/07, 15:16:06.757, 5175063693067, vstest.console.dll, MulticastDelegateUtilities.SafeInvoke: TestRun.LogMessages: Invoking callback 1/1 for Microsoft.VisualStudio.TestPlatform.CommandLine.TestRunResultAggregator.TestRunMessageHandler, took 0 ms.
TpTrace Information: 0 : 42620, 14, 2022/08/07, 15:16:06.757, 5175063693279, vstest.console.dll, TestRunRequest:SendTestRunMessage: Completed.
TpTrace Verbose: 0 : 42620, 4, 2022/08/07, 15:16:06.757, 5175063693222, vstest.console.dll, MulticastDelegateUtilities.SafeInvoke: InternalTestLoggerEvents.SendTestRunMessage: Invoking callback 1/1 for Microsoft.VisualStudio.TestPlatform.CommandLine.Internal.ConsoleLogger.TestMessageHandler, took 0 ms.
TpTrace Verbose: 0 : 42620, 14, 2022/08/07, 15:16:06.757, 5175063693542, vstest.console.dll, MulticastDelegateUtilities.SafeInvoke: LengthPrefixCommunicationChannel: MessageReceived: Invoking callback 1/1 for Microsoft.VisualStudio.TestPlatform.CommunicationUtilities.TestRequestSender+<>c__DisplayClass30_0.<StartTestRun>b__1, took 1 ms.
TpTrace Verbose: 0 : 42620, 14, 2022/08/07, 15:16:06.758, 5175063694698, vstest.console.dll, TcpClientExtensions.MessageLoopAsync: Polling on remoteEndPoint: 127.0.0.1:51844 localEndPoint: 127.0.0.1:51843
TpTrace Verbose: 0 : 42620, 5, 2022/08/07, 15:16:06.761, 5175063728565, vstest.console.dll, TestRequestSender.StartTestRun: Sending test run with message: {"Version":5,"MessageType":"TestExecution.StartWithSources","Payload":{"AdapterSourceMap":{"_none_":["C:\\Users\\hp\\Videos\\repo\\BankSystemTest\\bin\\Debug\\net6.0\\fine-code-coverage\\build-output\\BankSystemTest.dll"]},"RunSettings":"<RunSettings>\r\n  <RunConfiguration>\r\n    <ResultsDirectory>C:\\Users\\hp\\Videos\\repo\\BankSystemTest\\bin\\Debug\\net6.0\\fine-code-coverage\\coverage-tool-output</ResultsDirectory>\r\n    <TargetFrameworkVersion>.NETCoreApp,Version=v6.0</TargetFrameworkVersion>\r\n    <DesignMode>False</DesignMode>\r\n    <CollectSourceInformation>False</CollectSourceInformation>\r\n  </RunConfiguration>\r\n  <LoggerRunSettings>\r\n    <Loggers>\r\n      <Logger friendlyName=\"blame\" enabled=\"True\" />\r\n      <Logger friendlyName=\"Console\" uri=\"logger://microsoft/TestPlatform/ConsoleLogger/v1\" assemblyQualifiedName=\"Microsoft.VisualStudio.TestPlatform.CommandLine.Internal.ConsoleLogger, vstest.console, Version=15.0.0.0, Culture=neutral, PublicKeyToken=b03f5f7f11d50a3a\" codeBase=\"C:\\Program Files\\dotnet\\sdk\\6.0.300\\vstest.console.dll\" enabled=\"True\" />\r\n    </Loggers>\r\n  </LoggerRunSettings>\r\n  <DataCollectionRunSettings>\r\n    <DataCollectors>\r\n      <DataCollector friendlyName=\"blame\" enabled=\"True\">\r\n        <Configuration>\r\n          <ResultsDirectory>C:\\Users\\hp\\Videos\\repo\\BankSystemTest\\bin\\Debug\\net6.0\\fine-code-coverage\\coverage-tool-output</ResultsDirectory>\r\n        </Configuration>\r\n      </DataCollector>\r\n    </DataCollectors>\r\n  </DataCollectionRunSettings>\r\n</RunSettings>","TestExecutionContext":{"FrequencyOfRunStatsChangeEvent":10,"RunStatsChangeEventTimeout":"00:00:01.5000000","InIsolation":false,"KeepAlive":false,"AreTestCaseLevelEventsRequired":false,"IsDebug":false,"TestCaseFilter":null,"FilterOptions":null},"Package":null}}
TpTrace Verbose: 0 : 42620, 14, 2022/08/07, 15:16:06.900, 5175065118804, vstest.console.dll, TcpClientExtensions.MessageLoopAsync: NotifyDataAvailable remoteEndPoint: 127.0.0.1:51844 localEndPoint: 127.0.0.1:51843
TpTrace Verbose: 0 : 42620, 14, 2022/08/07, 15:16:06.900, 5175065120103, vstest.console.dll, TestRequestSender.OnExecutionMessageReceived: Received message: {"Version":5,"MessageType":"TestSession.Message","Payload":{"MessageLevel":0,"Message":"[xUnit.net 00:00:00.00] xUnit.net VSTest Adapter v2.4.3+1b45f5407b (64-bit .NET 6.0.5)"}}
TpTrace Verbose: 0 : 42620, 14, 2022/08/07, 15:16:06.900, 5175065122036, vstest.console.dll, TestRunRequest:SendTestRunMessage: Starting.
TpTrace Verbose: 0 : 42620, 14, 2022/08/07, 15:16:06.900, 5175065122543, vstest.console.dll, MulticastDelegateUtilities.SafeInvoke: TestRun.LogMessages: Invoking callback 1/1 for Microsoft.VisualStudio.TestPlatform.CommandLine.TestRunResultAggregator.TestRunMessageHandler, took 0 ms.
TpTrace Information: 0 : 42620, 14, 2022/08/07, 15:16:06.900, 5175065122796, vstest.console.dll, TestRunRequest:SendTestRunMessage: Completed.
TpTrace Verbose: 0 : 42620, 4, 2022/08/07, 15:16:06.900, 5175065122825, vstest.console.dll, MulticastDelegateUtilities.SafeInvoke: InternalTestLoggerEvents.SendTestRunMessage: Invoking callback 1/1 for Microsoft.VisualStudio.TestPlatform.CommandLine.Internal.ConsoleLogger.TestMessageHandler, took 0 ms.
TpTrace Verbose: 0 : 42620, 14, 2022/08/07, 15:16:06.900, 5175065123681, vstest.console.dll, MulticastDelegateUtilities.SafeInvoke: LengthPrefixCommunicationChannel: MessageReceived: Invoking callback 1/1 for Microsoft.VisualStudio.TestPlatform.CommunicationUtilities.TestRequestSender+<>c__DisplayClass30_0.<StartTestRun>b__1, took 0 ms.
TpTrace Verbose: 0 : 42620, 14, 2022/08/07, 15:16:06.900, 5175065123915, vstest.console.dll, TcpClientExtensions.MessageLoopAsync: Polling on remoteEndPoint: 127.0.0.1:51844 localEndPoint: 127.0.0.1:51843
TpTrace Verbose: 0 : 42620, 14, 2022/08/07, 15:16:07.221, 5175068327234, vstest.console.dll, TcpClientExtensions.MessageLoopAsync: NotifyDataAvailable remoteEndPoint: 127.0.0.1:51844 localEndPoint: 127.0.0.1:51843
TpTrace Verbose: 0 : 42620, 14, 2022/08/07, 15:16:07.221, 5175068328501, vstest.console.dll, TestRequestSender.OnExecutionMessageReceived: Received message: {"Version":5,"MessageType":"TestSession.Message","Payload":{"MessageLevel":0,"Message":"[xUnit.net 00:00:00.32]   Discovering: BankSystemTest"}}
TpTrace Verbose: 0 : 42620, 14, 2022/08/07, 15:16:07.221, 5175068330793, vstest.console.dll, TestRunRequest:SendTestRunMessage: Starting.
TpTrace Verbose: 0 : 42620, 14, 2022/08/07, 15:16:07.221, 5175068331351, vstest.console.dll, MulticastDelegateUtilities.SafeInvoke: TestRun.LogMessages: Invoking callback 1/1 for Microsoft.VisualStudio.TestPlatform.CommandLine.TestRunResultAggregator.TestRunMessageHandler, took 0 ms.
TpTrace Information: 0 : 42620, 14, 2022/08/07, 15:16:07.221, 5175068331631, vstest.console.dll, TestRunRequest:SendTestRunMessage: Completed.
TpTrace Verbose: 0 : 42620, 4, 2022/08/07, 15:16:07.221, 5175068331613, vstest.console.dll, MulticastDelegateUtilities.SafeInvoke: InternalTestLoggerEvents.SendTestRunMessage: Invoking callback 1/1 for Microsoft.VisualStudio.TestPlatform.CommandLine.Internal.ConsoleLogger.TestMessageHandler, took 0 ms.
TpTrace Verbose: 0 : 42620, 14, 2022/08/07, 15:16:07.221, 5175068331866, vstest.console.dll, MulticastDelegateUtilities.SafeInvoke: LengthPrefixCommunicationChannel: MessageReceived: Invoking callback 1/1 for Microsoft.VisualStudio.TestPlatform.CommunicationUtilities.TestRequestSender+<>c__DisplayClass30_0.<StartTestRun>b__1, took 0 ms.
TpTrace Verbose: 0 : 42620, 14, 2022/08/07, 15:16:07.221, 5175068333300, vstest.console.dll, TcpClientExtensions.MessageLoopAsync: Polling on remoteEndPoint: 127.0.0.1:51844 localEndPoint: 127.0.0.1:51843
TpTrace Verbose: 0 : 42620, 14, 2022/08/07, 15:16:07.256, 5175068678248, vstest.console.dll, TcpClientExtensions.MessageLoopAsync: NotifyDataAvailable remoteEndPoint: 127.0.0.1:51844 localEndPoint: 127.0.0.1:51843
TpTrace Verbose: 0 : 42620, 14, 2022/08/07, 15:16:07.256, 5175068679513, vstest.console.dll, TestRequestSender.OnExecutionMessageReceived: Received message: {"Version":5,"MessageType":"TestSession.Message","Payload":{"MessageLevel":0,"Message":"[xUnit.net 00:00:00.36]   Discovered:  BankSystemTest"}}
TpTrace Verbose: 0 : 42620, 14, 2022/08/07, 15:16:07.256, 5175068681106, vstest.console.dll, TestRunRequest:SendTestRunMessage: Starting.
TpTrace Verbose: 0 : 42620, 14, 2022/08/07, 15:16:07.256, 5175068681538, vstest.console.dll, MulticastDelegateUtilities.SafeInvoke: TestRun.LogMessages: Invoking callback 1/1 for Microsoft.VisualStudio.TestPlatform.CommandLine.TestRunResultAggregator.TestRunMessageHandler, took 0 ms.
TpTrace Information: 0 : 42620, 14, 2022/08/07, 15:16:07.256, 5175068681709, vstest.console.dll, TestRunRequest:SendTestRunMessage: Completed.
TpTrace Verbose: 0 : 42620, 14, 2022/08/07, 15:16:07.256, 5175068681865, vstest.console.dll, MulticastDelegateUtilities.SafeInvoke: LengthPrefixCommunicationChannel: MessageReceived: Invoking callback 1/1 for Microsoft.VisualStudio.TestPlatform.CommunicationUtilities.TestRequestSender+<>c__DisplayClass30_0.<StartTestRun>b__1, took 0 ms.
TpTrace Verbose: 0 : 42620, 4, 2022/08/07, 15:16:07.256, 5175068682026, vstest.console.dll, MulticastDelegateUtilities.SafeInvoke: InternalTestLoggerEvents.SendTestRunMessage: Invoking callback 1/1 for Microsoft.VisualStudio.TestPlatform.CommandLine.Internal.ConsoleLogger.TestMessageHandler, took 0 ms.
TpTrace Verbose: 0 : 42620, 14, 2022/08/07, 15:16:07.256, 5175068682043, vstest.console.dll, TcpClientExtensions.MessageLoopAsync: Polling on remoteEndPoint: 127.0.0.1:51844 localEndPoint: 127.0.0.1:51843
TpTrace Verbose: 0 : 42620, 14, 2022/08/07, 15:16:07.258, 5175068703292, vstest.console.dll, TcpClientExtensions.MessageLoopAsync: NotifyDataAvailable remoteEndPoint: 127.0.0.1:51844 localEndPoint: 127.0.0.1:51843
TpTrace Verbose: 0 : 42620, 14, 2022/08/07, 15:16:07.259, 5175068704406, vstest.console.dll, TestRequestSender.OnExecutionMessageReceived: Received message: {"Version":5,"MessageType":"TestSession.Message","Payload":{"MessageLevel":0,"Message":"[xUnit.net 00:00:00.36]   Starting:    BankSystemTest"}}
TpTrace Verbose: 0 : 42620, 14, 2022/08/07, 15:16:07.259, 5175068706108, vstest.console.dll, TestRunRequest:SendTestRunMessage: Starting.
TpTrace Verbose: 0 : 42620, 14, 2022/08/07, 15:16:07.259, 5175068706607, vstest.console.dll, MulticastDelegateUtilities.SafeInvoke: TestRun.LogMessages: Invoking callback 1/1 for Microsoft.VisualStudio.TestPlatform.CommandLine.TestRunResultAggregator.TestRunMessageHandler, took 0 ms.
TpTrace Verbose: 0 : 42620, 4, 2022/08/07, 15:16:07.259, 5175068706833, vstest.console.dll, MulticastDelegateUtilities.SafeInvoke: InternalTestLoggerEvents.SendTestRunMessage: Invoking callback 1/1 for Microsoft.VisualStudio.TestPlatform.CommandLine.Internal.ConsoleLogger.TestMessageHandler, took 0 ms.
TpTrace Information: 0 : 42620, 14, 2022/08/07, 15:16:07.259, 5175068706865, vstest.console.dll, TestRunRequest:SendTestRunMessage: Completed.
TpTrace Verbose: 0 : 42620, 14, 2022/08/07, 15:16:07.259, 5175068707881, vstest.console.dll, MulticastDelegateUtilities.SafeInvoke: LengthPrefixCommunicationChannel: MessageReceived: Invoking callback 1/1 for Microsoft.VisualStudio.TestPlatform.CommunicationUtilities.TestRequestSender+<>c__DisplayClass30_0.<StartTestRun>b__1, took 0 ms.
TpTrace Verbose: 0 : 42620, 14, 2022/08/07, 15:16:07.259, 5175068708395, vstest.console.dll, TcpClientExtensions.MessageLoopAsync: Polling on remoteEndPoint: 127.0.0.1:51844 localEndPoint: 127.0.0.1:51843
TpTrace Verbose: 0 : 42620, 14, 2022/08/07, 15:16:07.397, 5175070087270, vstest.console.dll, TcpClientExtensions.MessageLoopAsync: NotifyDataAvailable remoteEndPoint: 127.0.0.1:51844 localEndPoint: 127.0.0.1:51843
TpTrace Verbose: 0 : 42620, 14, 2022/08/07, 15:16:07.397, 5175070089184, vstest.console.dll, TestRequestSender.OnExecutionMessageReceived: Received message: {"Version":5,"MessageType":"TestExecution.StatsChange","Payload":{"NewTestResults":[{"TestCase":{"Id":"51a848a4-cd36-5ab8-b871-f374d2193d31","FullyQualifiedName":"BankSystemTest.ValidatorsTest.check_if_first_character_IsUpperCase","DisplayName":"BankSystemTest.ValidatorsTest.check_if_first_character_IsUpperCase","ExecutorUri":"executor://xunit/VsTestRunner2/netcoreapp","Source":"C:\\Users\\hp\\Videos\\repo\\BankSystemTest\\bin\\Debug\\net6.0\\fine-code-coverage\\build-output\\BankSystemTest.dll","CodeFilePath":null,"LineNumber":0,"Properties":[]},"Attachments":[],"Outcome":1,"ErrorMessage":null,"ErrorStackTrace":null,"DisplayName":"BankSystemTest.ValidatorsTest.check_if_first_character_IsUpperCase","Messages":[],"ComputerName":"UGOCHUKWU","Duration":"00:00:00.0050455","StartTime":"2022-08-07T14:16:07.3554647+00:00","EndTime":"2022-08-07T14:16:07.3554812+00:00","Properties":[]},{"TestCase":{"Id":"8340814f-167b-e306-6024-4d1e8e8db08e","FullyQualifiedName":"BankSystemTest.CreateAccountNumberTest.check_if_account_number_is_string_Of_10_Numbers","DisplayName":"BankSystemTest.CreateAccountNumberTest.check_if_account_number_is_string_Of_10_Numbers","ExecutorUri":"executor://xunit/VsTestRunner2/netcoreapp","Source":"C:\\Users\\hp\\Videos\\repo\\BankSystemTest\\bin\\Debug\\net6.0\\fine-code-coverage\\build-output\\BankSystemTest.dll","CodeFilePath":null,"LineNumber":0,"Properties":[]},"Attachments":[],"Outcome":1,"ErrorMessage":null,"ErrorStackTrace":null,"DisplayName":"BankSystemTest.CreateAccountNumberTest.check_if_account_number_is_string_Of_10_Numbers","Messages":[],"ComputerName":"UGOCHUKWU","Duration":"00:00:00.0057809","StartTime":"2022-08-07T14:16:07.3721014+00:00","EndTime":"2022-08-07T14:16:07.3721014+00:00","Properties":[]},{"TestCase":{"Id":"f2cc7195-169a-bb7c-fcbc-eb84e2bf9cd6","FullyQualifiedName":"BankSystemTest.ValidatorsTest.phoneNumber_ShouldBe_11Digits","DisplayName":"BankSystemTest.ValidatorsTest.phoneNumber_ShouldBe_11Digits","ExecutorUri":"executor://xunit/VsTestRunner2/netcoreapp","Source":"C:\\Users\\hp\\Videos\\repo\\BankSystemTest\\bin\\Debug\\net6.0\\fine-code-coverage\\build-output\\BankSystemTest.dll","CodeFilePath":null,"LineNumber":0,"Properties":[]},"Attachments":[],"Outcome":1,"ErrorMessage":null,"ErrorStackTrace":null,"DisplayName":"BankSystemTest.ValidatorsTest.phoneNumber_ShouldBe_11Digits","Messages":[],"ComputerName":"UGOCHUKWU","Duration":"00:00:00.0003488","StartTime":"2022-08-07T14:16:07.3746139+00:00","EndTime":"2022-08-07T14:16:07.374614+00:00","Properties":[]},{"TestCase":{"Id":"63d621c9-07e7-64b3-edc6-ea9c7b256f67","FullyQualifiedName":"BankSystemTest.ValidatorsTest.fullNameShouldbe_String_with_firstCharacter_UpperCase","DisplayName":"BankSystemTest.ValidatorsTest.fullNameShouldbe_String_with_firstCharacter_UpperCase","ExecutorUri":"executor://xunit/VsTestRunner2/netcoreapp","Source":"C:\\Users\\hp\\Videos\\repo\\BankSystemTest\\bin\\Debug\\net6.0\\fine-code-coverage\\build-output\\BankSystemTest.dll","CodeFilePath":null,"LineNumber":0,"Properties":[]},"Attachments":[],"Outcome":1,"ErrorMessage":null,"ErrorStackTrace":null,"DisplayName":"BankSystemTest.ValidatorsTest.fullNameShouldbe_String_with_firstCharacter_UpperCase","Messages":[],"ComputerName":"UGOCHUKWU","Duration":"00:00:00.0042240","StartTime":"2022-08-07T14:16:07.3757756+00:00","EndTime":"2022-08-07T14:16:07.3757756+00:00","Properties":[]},{"TestCase":{"Id":"5ee3ae7a-a2e5-dedd-620b-4569481514e9","FullyQualifiedName":"BankSystemTest.JsonOperationTest.writeToJson_if_file_NotExist_throwException","DisplayName":"BankSystemTest.JsonOperationTest.writeToJson_if_file_NotExist_throwException","ExecutorUri":"executor://xunit/VsTestRunner2/netcoreapp","Source":"C:\\Users\\hp\\Videos\\repo\\BankSystemTest\\bin\\Debug\\net6.0\\fine-code-coverage\\build-output\\BankSystemTest.dll","CodeFilePath":null,"LineNumber":0,"Properties":[]},"Attachments":[],"Outcome":1,"ErrorMessage":null,"ErrorStackTrace":null,"DisplayName":"BankSystemTest.JsonOperationTest.writeToJson_if_file_NotExist_throwException","Messages":[],"ComputerName":"UGOCHUKWU","Duration":"00:00:00.0140724","StartTime":"2022-08-07T14:16:07.3768456+00:00","EndTime":"2022-08-07T14:16:07.3768457+00:00","Properties":[]}],"TestRunStatistics":{"ExecutedTests":5,"Stats":{"Passed":5}},"ActiveTests":[{"Id":"1d3c66b2-e0da-650c-30e7-013478f794da","FullyQualifiedName":"BankSystemTest.UsersServicesTest.loginUser_ShouldReadAll_Users","DisplayName":"BankSystemTest.UsersServicesTest.loginUser_ShouldReadAll_Users","ExecutorUri":"executor://xunit/VsTestRunner2/netcoreapp","Source":"C:\\Users\\hp\\Videos\\repo\\BankSystemTest\\bin\\Debug\\net6.0\\fine-code-coverage\\build-output\\BankSystemTest.dll","CodeFilePath":null,"LineNumber":0,"Properties":[]},{"Id":"027072c8-07eb-a0b6-bcfe-b9ff136ddaf0","FullyQualifiedName":"BankSystemTest.TransactionServicesTest.deposit","DisplayName":"BankSystemTest.TransactionServicesTest.deposit","ExecutorUri":"executor://xunit/VsTestRunner2/netcoreapp","Source":"C:\\Users\\hp\\Videos\\repo\\BankSystemTest\\bin\\Debug\\net6.0\\fine-code-coverage\\build-output\\BankSystemTest.dll","CodeFilePath":null,"LineNumber":0,"Properties":[]},{"Id":"1ec329e8-7d6a-7efc-0f1a-ca34ed589de8","FullyQualifiedName":"BankSystemTest.AccountServicesTest.getAllAccountById_ShouldReturnListOfAccounts","DisplayName":"BankSystemTest.AccountServicesTest.getAllAccountById_ShouldReturnListOfAccounts","ExecutorUri":"executor://xunit/VsTestRunner2/netcoreapp","Source":"C:\\Users\\hp\\Videos\\repo\\BankSystemTest\\bin\\Debug\\net6.0\\fine-code-coverage\\build-output\\BankSystemTest.dll","CodeFilePath":null,"LineNumber":0,"Properties":[]},{"Id":"1ab6c621-2844-dc02-60d3-5e6d9c661130","FullyQualifiedName":"BankSystemTest.ValidatorsTest.emailShouldBe_correct_email_format","DisplayName":"BankSystemTest.ValidatorsTest.emailShouldBe_correct_email_format","ExecutorUri":"executor://xunit/VsTestRunner2/netcoreapp","Source":"C:\\Users\\hp\\Videos\\repo\\BankSystemTest\\bin\\Debug\\net6.0\\fine-code-coverage\\build-output\\BankSystemTest.dll","CodeFilePath":null,"LineNumber":0,"Properties":[]},{"Id":"971006d1-1f8e-73f8-ada3-c6f74d36526f","FullyQualifiedName":"BankSystemTest.JsonOperationTest.writeToJson_check_If_Object_write_to_json","DisplayName":"BankSystemTest.JsonOperationTest.writeToJson_check_If_Object_write_to_json","ExecutorUri":"executor://xunit/VsTestRunner2/netcoreapp","Source":"C:\\Users\\hp\\Videos\\repo\\BankSystemTest\\bin\\Debug\\net6.0\\fine-code-coverage\\build-output\\BankSystemTest.dll","CodeFilePath":null,"LineNumber":0,"Properties":[]}]}}
TpTrace Verbose: 0 : 42620, 14, 2022/08/07, 15:16:07.416, 5175070276698, vstest.console.dll, TestRunRequest:SendTestRunStatsChange: Starting.
TpTrace Verbose: 0 : 42620, 14, 2022/08/07, 15:16:07.416, 5175070277854, vstest.console.dll, InProgress is BankSystemTest.UsersServicesTest.loginUser_ShouldReadAll_Users
TpTrace Verbose: 0 : 42620, 14, 2022/08/07, 15:16:07.416, 5175070278045, vstest.console.dll, InProgress is BankSystemTest.TransactionServicesTest.deposit
TpTrace Verbose: 0 : 42620, 14, 2022/08/07, 15:16:07.416, 5175070278176, vstest.console.dll, InProgress is BankSystemTest.AccountServicesTest.getAllAccountById_ShouldReturnListOfAccounts
TpTrace Verbose: 0 : 42620, 14, 2022/08/07, 15:16:07.416, 5175070278310, vstest.console.dll, InProgress is BankSystemTest.ValidatorsTest.emailShouldBe_correct_email_format
TpTrace Verbose: 0 : 42620, 14, 2022/08/07, 15:16:07.416, 5175070278434, vstest.console.dll, InProgress is BankSystemTest.JsonOperationTest.writeToJson_check_If_Object_write_to_json
TpTrace Verbose: 0 : 42620, 14, 2022/08/07, 15:16:07.416, 5175070279647, vstest.console.dll, MulticastDelegateUtilities.SafeInvoke: TestRun.RunStatsChanged: Invoking callbacks was skipped because there are no subscribers.
TpTrace Information: 0 : 42620, 14, 2022/08/07, 15:16:07.416, 5175070279857, vstest.console.dll, TestRunRequest:SendTestRunStatsChange: Completed.
TpTrace Verbose: 0 : 42620, 14, 2022/08/07, 15:16:07.416, 5175070280041, vstest.console.dll, MulticastDelegateUtilities.SafeInvoke: LengthPrefixCommunicationChannel: MessageReceived: Invoking callback 1/1 for Microsoft.VisualStudio.TestPlatform.CommunicationUtilities.TestRequestSender+<>c__DisplayClass30_0.<StartTestRun>b__1, took 19 ms.
TpTrace Verbose: 0 : 42620, 14, 2022/08/07, 15:16:07.416, 5175070280253, vstest.console.dll, TcpClientExtensions.MessageLoopAsync: Polling on remoteEndPoint: 127.0.0.1:51844 localEndPoint: 127.0.0.1:51843
TpTrace Verbose: 0 : 42620, 4, 2022/08/07, 15:16:07.421, 5175070331975, vstest.console.dll, MulticastDelegateUtilities.SafeInvoke: InternalTestLoggerEvents.SendTestResult: Invoking callback 1/1 for Microsoft.VisualStudio.TestPlatform.CommandLine.Internal.ConsoleLogger.TestResultHandler, took 5 ms.
TpTrace Verbose: 0 : 42620, 4, 2022/08/07, 15:16:07.421, 5175070333333, vstest.console.dll, MulticastDelegateUtilities.SafeInvoke: InternalTestLoggerEvents.SendTestResult: Invoking callback 1/1 for Microsoft.VisualStudio.TestPlatform.CommandLine.Internal.ConsoleLogger.TestResultHandler, took 0 ms.
TpTrace Verbose: 0 : 42620, 4, 2022/08/07, 15:16:07.421, 5175070333659, vstest.console.dll, MulticastDelegateUtilities.SafeInvoke: InternalTestLoggerEvents.SendTestResult: Invoking callback 1/1 for Microsoft.VisualStudio.TestPlatform.CommandLine.Internal.ConsoleLogger.TestResultHandler, took 0 ms.
TpTrace Verbose: 0 : 42620, 4, 2022/08/07, 15:16:07.421, 5175070333891, vstest.console.dll, MulticastDelegateUtilities.SafeInvoke: InternalTestLoggerEvents.SendTestResult: Invoking callback 1/1 for Microsoft.VisualStudio.TestPlatform.CommandLine.Internal.ConsoleLogger.TestResultHandler, took 0 ms.
TpTrace Verbose: 0 : 42620, 4, 2022/08/07, 15:16:07.421, 5175070334093, vstest.console.dll, MulticastDelegateUtilities.SafeInvoke: InternalTestLoggerEvents.SendTestResult: Invoking callback 1/1 for Microsoft.VisualStudio.TestPlatform.CommandLine.Internal.ConsoleLogger.TestResultHandler, took 0 ms.
TpTrace Verbose: 0 : 42620, 14, 2022/08/07, 15:16:07.436, 5175070480572, vstest.console.dll, TcpClientExtensions.MessageLoopAsync: NotifyDataAvailable remoteEndPoint: 127.0.0.1:51844 localEndPoint: 127.0.0.1:51843
TpTrace Verbose: 0 : 42620, 14, 2022/08/07, 15:16:07.436, 5175070482437, vstest.console.dll, TestRequestSender.OnExecutionMessageReceived: Received message: {"Version":5,"MessageType":"TestExecution.StatsChange","Payload":{"NewTestResults":[{"TestCase":{"Id":"1ab6c621-2844-dc02-60d3-5e6d9c661130","FullyQualifiedName":"BankSystemTest.ValidatorsTest.emailShouldBe_correct_email_format","DisplayName":"BankSystemTest.ValidatorsTest.emailShouldBe_correct_email_format","ExecutorUri":"executor://xunit/VsTestRunner2/netcoreapp","Source":"C:\\Users\\hp\\Videos\\repo\\BankSystemTest\\bin\\Debug\\net6.0\\fine-code-coverage\\build-output\\BankSystemTest.dll","CodeFilePath":null,"LineNumber":0,"Properties":[]},"Attachments":[],"Outcome":1,"ErrorMessage":null,"ErrorStackTrace":null,"DisplayName":"BankSystemTest.ValidatorsTest.emailShouldBe_correct_email_format","Messages":[],"ComputerName":"UGOCHUKWU","Duration":"00:00:00.0028814","StartTime":"2022-08-07T14:16:07.3984344+00:00","EndTime":"2022-08-07T14:16:07.3984348+00:00","Properties":[]},{"TestCase":{"Id":"80f69331-3bba-c5b2-cd8f-2a97ddc7809d","FullyQualifiedName":"BankSystemTest.ValidatorsTest.passwordShouldBe_atLeastOnenumber_OneSpecialChar_Oneletter","DisplayName":"BankSystemTest.ValidatorsTest.passwordShouldBe_atLeastOnenumber_OneSpecialChar_Oneletter","ExecutorUri":"executor://xunit/VsTestRunner2/netcoreapp","Source":"C:\\Users\\hp\\Videos\\repo\\BankSystemTest\\bin\\Debug\\net6.0\\fine-code-coverage\\build-output\\BankSystemTest.dll","CodeFilePath":null,"LineNumber":0,"Properties":[]},"Attachments":[],"Outcome":1,"ErrorMessage":null,"ErrorStackTrace":null,"DisplayName":"BankSystemTest.ValidatorsTest.passwordShouldBe_atLeastOnenumber_OneSpecialChar_Oneletter","Messages":[],"ComputerName":"UGOCHUKWU","Duration":"00:00:00.0009902","StartTime":"2022-08-07T14:16:07.4007642+00:00","EndTime":"2022-08-07T14:16:07.4007644+00:00","Properties":[]},{"TestCase":{"Id":"f92b19a7-4128-0e83-c3ab-4048d419d530","FullyQualifiedName":"BankSystemTest.ValidatorsTest.accountNumber","DisplayName":"BankSystemTest.ValidatorsTest.accountNumber","ExecutorUri":"executor://xunit/VsTestRunner2/netcoreapp","Source":"C:\\Users\\hp\\Videos\\repo\\BankSystemTest\\bin\\Debug\\net6.0\\fine-code-coverage\\build-output\\BankSystemTest.dll","CodeFilePath":null,"LineNumber":0,"Properties":[]},"Attachments":[],"Outcome":1,"ErrorMessage":null,"ErrorStackTrace":null,"DisplayName":"BankSystemTest.ValidatorsTest.accountNumber","Messages":[],"ComputerName":"UGOCHUKWU","Duration":"00:00:00.0002524","StartTime":"2022-08-07T14:16:07.4023212+00:00","EndTime":"2022-08-07T14:16:07.4023214+00:00","Properties":[]},{"TestCase":{"Id":"ef08625d-d84a-0662-46c2-1a2bdfd8b925","FullyQualifiedName":"BankSystemTest.ValidatorsTest.inputDigit_ShouldBe_Converted_without_errors","DisplayName":"BankSystemTest.ValidatorsTest.inputDigit_ShouldBe_Converted_without_errors","ExecutorUri":"executor://xunit/VsTestRunner2/netcoreapp","Source":"C:\\Users\\hp\\Videos\\repo\\BankSystemTest\\bin\\Debug\\net6.0\\fine-code-coverage\\build-output\\BankSystemTest.dll","CodeFilePath":null,"LineNumber":0,"Properties":[]},"Attachments":[],"Outcome":1,"ErrorMessage":null,"ErrorStackTrace":null,"DisplayName":"BankSystemTest.ValidatorsTest.inputDigit_ShouldBe_Converted_without_errors","Messages":[],"ComputerName":"UGOCHUKWU","Duration":"00:00:00.0001985","StartTime":"2022-08-07T14:16:07.4037548+00:00","EndTime":"2022-08-07T14:16:07.4037549+00:00","Properties":[]},{"TestCase":{"Id":"971006d1-1f8e-73f8-ada3-c6f74d36526f","FullyQualifiedName":"BankSystemTest.JsonOperationTest.writeToJson_check_If_Object_write_to_json","DisplayName":"BankSystemTest.JsonOperationTest.writeToJson_check_If_Object_write_to_json","ExecutorUri":"executor://xunit/VsTestRunner2/netcoreapp","Source":"C:\\Users\\hp\\Videos\\repo\\BankSystemTest\\bin\\Debug\\net6.0\\fine-code-coverage\\build-output\\BankSystemTest.dll","CodeFilePath":null,"LineNumber":0,"Properties":[]},"Attachments":[],"Outcome":1,"ErrorMessage":null,"ErrorStackTrace":null,"DisplayName":"BankSystemTest.JsonOperationTest.writeToJson_check_If_Object_write_to_json","Messages":[],"ComputerName":"UGOCHUKWU","Duration":"00:00:00.0125479","StartTime":"2022-08-07T14:16:07.4045071+00:00","EndTime":"2022-08-07T14:16:07.4045071+00:00","Properties":[]},{"TestCase":{"Id":"6fe43c87-0439-0286-a234-828d3fab9d80","FullyQualifiedName":"BankSystemTest.JsonOperationTest.readToJson_check_If_Object_read_from_json","DisplayName":"BankSystemTest.JsonOperationTest.readToJson_check_If_Object_read_from_json","ExecutorUri":"executor://xunit/VsTestRunner2/netcoreapp","Source":"C:\\Users\\hp\\Videos\\repo\\BankSystemTest\\bin\\Debug\\net6.0\\fine-code-coverage\\build-output\\BankSystemTest.dll","CodeFilePath":null,"LineNumber":0,"Properties":[]},"Attachments":[],"Outcome":1,"ErrorMessage":null,"ErrorStackTrace":null,"DisplayName":"BankSystemTest.JsonOperationTest.readToJson_check_If_Object_read_from_json","Messages":[],"ComputerName":"UGOCHUKWU","Duration":"00:00:00.0018812","StartTime":"2022-08-07T14:16:07.4062185+00:00","EndTime":"2022-08-07T14:16:07.4062186+00:00","Properties":[]},{"TestCase":{"Id":"1d3c66b2-e0da-650c-30e7-013478f794da","FullyQualifiedName":"BankSystemTest.UsersServicesTest.loginUser_ShouldReadAll_Users","DisplayName":"BankSystemTest.UsersServicesTest.loginUser_ShouldReadAll_Users","ExecutorUri":"executor://xunit/VsTestRunner2/netcoreapp","Source":"C:\\Users\\hp\\Videos\\repo\\BankSystemTest\\bin\\Debug\\net6.0\\fine-code-coverage\\build-output\\BankSystemTest.dll","CodeFilePath":null,"LineNumber":0,"Properties":[]},"Attachments":[],"Outcome":1,"ErrorMessage":null,"ErrorStackTrace":null,"DisplayName":"BankSystemTest.UsersServicesTest.loginUser_ShouldReadAll_Users","Messages":[],"ComputerName":"UGOCHUKWU","Duration":"00:00:00.0991588","StartTime":"2022-08-07T14:16:07.4327526+00:00","EndTime":"2022-08-07T14:16:07.4327527+00:00","Properties":[]},{"TestCase":{"Id":"1ec329e8-7d6a-7efc-0f1a-ca34ed589de8","FullyQualifiedName":"BankSystemTest.AccountServicesTest.getAllAccountById_ShouldReturnListOfAccounts","DisplayName":"BankSystemTest.AccountServicesTest.getAllAccountById_ShouldReturnListOfAccounts","ExecutorUri":"executor://xunit/VsTestRunner2/netcoreapp","Source":"C:\\Users\\hp\\Videos\\repo\\BankSystemTest\\bin\\Debug\\net6.0\\fine-code-coverage\\build-output\\BankSystemTest.dll","CodeFilePath":null,"LineNumber":0,"Properties":[]},"Attachments":[],"Outcome":1,"ErrorMessage":null,"ErrorStackTrace":null,"DisplayName":"BankSystemTest.AccountServicesTest.getAllAccountById_ShouldReturnListOfAccounts","Messages":[],"ComputerName":"UGOCHUKWU","Duration":"00:00:00.0992958","StartTime":"2022-08-07T14:16:07.4350437+00:00","EndTime":"2022-08-07T14:16:07.435044+00:00","Properties":[]}],"TestRunStatistics":{"ExecutedTests":13,"Stats":{"Passed":13}},"ActiveTests":[{"Id":"b435822d-9fe4-9070-b0b2-2780900a086d","FullyQualifiedName":"BankSystemTest.UsersServicesTest.loginUser_ShouldReturn_Matchaccount","DisplayName":"BankSystemTest.UsersServicesTest.loginUser_ShouldReturn_Matchaccount","ExecutorUri":"executor://xunit/VsTestRunner2/netcoreapp","Source":"C:\\Users\\hp\\Videos\\repo\\BankSystemTest\\bin\\Debug\\net6.0\\fine-code-coverage\\build-output\\BankSystemTest.dll","CodeFilePath":null,"LineNumber":0,"Properties":[]},{"Id":"a98d8e70-579b-ec09-5d48-a940806ad8d1","FullyQualifiedName":"BankSystemTest.AccountServicesTest.checkIfAccountIsCreated","DisplayName":"BankSystemTest.AccountServicesTest.checkIfAccountIsCreated","ExecutorUri":"executor://xunit/VsTestRunner2/netcoreapp","Source":"C:\\Users\\hp\\Videos\\repo\\BankSystemTest\\bin\\Debug\\net6.0\\fine-code-coverage\\build-output\\BankSystemTest.dll","CodeFilePath":null,"LineNumber":0,"Properties":[]}]}}
TpTrace Verbose: 0 : 42620, 14, 2022/08/07, 15:16:07.438, 5175070500807, vstest.console.dll, TestRunRequest:SendTestRunStatsChange: Starting.
TpTrace Verbose: 0 : 42620, 14, 2022/08/07, 15:16:07.438, 5175070501544, vstest.console.dll, InProgress is BankSystemTest.UsersServicesTest.loginUser_ShouldReturn_Matchaccount
TpTrace Verbose: 0 : 42620, 14, 2022/08/07, 15:16:07.438, 5175070501796, vstest.console.dll, InProgress is BankSystemTest.AccountServicesTest.checkIfAccountIsCreated
TpTrace Verbose: 0 : 42620, 14, 2022/08/07, 15:16:07.438, 5175070502284, vstest.console.dll, MulticastDelegateUtilities.SafeInvoke: TestRun.RunStatsChanged: Invoking callbacks was skipped because there are no subscribers.
TpTrace Information: 0 : 42620, 14, 2022/08/07, 15:16:07.438, 5175070502555, vstest.console.dll, TestRunRequest:SendTestRunStatsChange: Completed.
TpTrace Verbose: 0 : 42620, 14, 2022/08/07, 15:16:07.438, 5175070502888, vstest.console.dll, MulticastDelegateUtilities.SafeInvoke: LengthPrefixCommunicationChannel: MessageReceived: Invoking callback 1/1 for Microsoft.VisualStudio.TestPlatform.CommunicationUtilities.TestRequestSender+<>c__DisplayClass30_0.<StartTestRun>b__1, took 2 ms.
TpTrace Verbose: 0 : 42620, 4, 2022/08/07, 15:16:07.438, 5175070502858, vstest.console.dll, MulticastDelegateUtilities.SafeInvoke: InternalTestLoggerEvents.SendTestResult: Invoking callback 1/1 for Microsoft.VisualStudio.TestPlatform.CommandLine.Internal.ConsoleLogger.TestResultHandler, took 0 ms.
TpTrace Verbose: 0 : 42620, 14, 2022/08/07, 15:16:07.438, 5175070503210, vstest.console.dll, TcpClientExtensions.MessageLoopAsync: Polling on remoteEndPoint: 127.0.0.1:51844 localEndPoint: 127.0.0.1:51843
TpTrace Verbose: 0 : 42620, 4, 2022/08/07, 15:16:07.438, 5175070503576, vstest.console.dll, MulticastDelegateUtilities.SafeInvoke: InternalTestLoggerEvents.SendTestResult: Invoking callback 1/1 for Microsoft.VisualStudio.TestPlatform.CommandLine.Internal.ConsoleLogger.TestResultHandler, took 0 ms.
TpTrace Verbose: 0 : 42620, 4, 2022/08/07, 15:16:07.438, 5175070504137, vstest.console.dll, MulticastDelegateUtilities.SafeInvoke: InternalTestLoggerEvents.SendTestResult: Invoking callback 1/1 for Microsoft.VisualStudio.TestPlatform.CommandLine.Internal.ConsoleLogger.TestResultHandler, took 0 ms.
TpTrace Verbose: 0 : 42620, 4, 2022/08/07, 15:16:07.438, 5175070504334, vstest.console.dll, MulticastDelegateUtilities.SafeInvoke: InternalTestLoggerEvents.SendTestResult: Invoking callback 1/1 for Microsoft.VisualStudio.TestPlatform.CommandLine.Internal.ConsoleLogger.TestResultHandler, took 0 ms.
TpTrace Verbose: 0 : 42620, 4, 2022/08/07, 15:16:07.439, 5175070504656, vstest.console.dll, MulticastDelegateUtilities.SafeInvoke: InternalTestLoggerEvents.SendTestResult: Invoking callback 1/1 for Microsoft.VisualStudio.TestPlatform.CommandLine.Internal.ConsoleLogger.TestResultHandler, took 0 ms.
TpTrace Verbose: 0 : 42620, 4, 2022/08/07, 15:16:07.439, 5175070504856, vstest.console.dll, MulticastDelegateUtilities.SafeInvoke: InternalTestLoggerEvents.SendTestResult: Invoking callback 1/1 for Microsoft.VisualStudio.TestPlatform.CommandLine.Internal.ConsoleLogger.TestResultHandler, took 0 ms.
TpTrace Verbose: 0 : 42620, 4, 2022/08/07, 15:16:07.439, 5175070505064, vstest.console.dll, MulticastDelegateUtilities.SafeInvoke: InternalTestLoggerEvents.SendTestResult: Invoking callback 1/1 for Microsoft.VisualStudio.TestPlatform.CommandLine.Internal.ConsoleLogger.TestResultHandler, took 0 ms.
TpTrace Verbose: 0 : 42620, 4, 2022/08/07, 15:16:07.440, 5175070520074, vstest.console.dll, MulticastDelegateUtilities.SafeInvoke: InternalTestLoggerEvents.SendTestResult: Invoking callback 1/1 for Microsoft.VisualStudio.TestPlatform.CommandLine.Internal.ConsoleLogger.TestResultHandler, took 1 ms.
TpTrace Verbose: 0 : 42620, 14, 2022/08/07, 15:16:07.451, 5175070628801, vstest.console.dll, TcpClientExtensions.MessageLoopAsync: NotifyDataAvailable remoteEndPoint: 127.0.0.1:51844 localEndPoint: 127.0.0.1:51843
TpTrace Verbose: 0 : 42620, 14, 2022/08/07, 15:16:07.451, 5175070630018, vstest.console.dll, TestRequestSender.OnExecutionMessageReceived: Received message: {"Version":5,"MessageType":"TestExecution.StatsChange","Payload":{"NewTestResults":[{"TestCase":{"Id":"027072c8-07eb-a0b6-bcfe-b9ff136ddaf0","FullyQualifiedName":"BankSystemTest.TransactionServicesTest.deposit","DisplayName":"BankSystemTest.TransactionServicesTest.deposit","ExecutorUri":"executor://xunit/VsTestRunner2/netcoreapp","Source":"C:\\Users\\hp\\Videos\\repo\\BankSystemTest\\bin\\Debug\\net6.0\\fine-code-coverage\\build-output\\BankSystemTest.dll","CodeFilePath":null,"LineNumber":0,"Properties":[]},"Attachments":[],"Outcome":1,"ErrorMessage":null,"ErrorStackTrace":null,"DisplayName":"BankSystemTest.TransactionServicesTest.deposit","Messages":[],"ComputerName":"UGOCHUKWU","Duration":"00:00:00.1002832","StartTime":"2022-08-07T14:16:07.4373332+00:00","EndTime":"2022-08-07T14:16:07.4373333+00:00","Properties":[]},{"TestCase":{"Id":"b435822d-9fe4-9070-b0b2-2780900a086d","FullyQualifiedName":"BankSystemTest.UsersServicesTest.loginUser_ShouldReturn_Matchaccount","DisplayName":"BankSystemTest.UsersServicesTest.loginUser_ShouldReturn_Matchaccount","ExecutorUri":"executor://xunit/VsTestRunner2/netcoreapp","Source":"C:\\Users\\hp\\Videos\\repo\\BankSystemTest\\bin\\Debug\\net6.0\\fine-code-coverage\\build-output\\BankSystemTest.dll","CodeFilePath":null,"LineNumber":0,"Properties":[]},"Attachments":[],"Outcome":1,"ErrorMessage":null,"ErrorStackTrace":null,"DisplayName":"BankSystemTest.UsersServicesTest.loginUser_ShouldReturn_Matchaccount","Messages":[],"ComputerName":"UGOCHUKWU","Duration":"00:00:00.0020033","StartTime":"2022-08-07T14:16:07.4380057+00:00","EndTime":"2022-08-07T14:16:07.4380057+00:00","Properties":[]},{"TestCase":{"Id":"a98d8e70-579b-ec09-5d48-a940806ad8d1","FullyQualifiedName":"BankSystemTest.AccountServicesTest.checkIfAccountIsCreated","DisplayName":"BankSystemTest.AccountServicesTest.checkIfAccountIsCreated","ExecutorUri":"executor://xunit/VsTestRunner2/netcoreapp","Source":"C:\\Users\\hp\\Videos\\repo\\BankSystemTest\\bin\\Debug\\net6.0\\fine-code-coverage\\build-output\\BankSystemTest.dll","CodeFilePath":null,"LineNumber":0,"Properties":[]},"Attachments":[],"Outcome":1,"ErrorMessage":null,"ErrorStackTrace":null,"DisplayName":"BankSystemTest.AccountServicesTest.checkIfAccountIsCreated","Messages":[],"ComputerName":"UGOCHUKWU","Duration":"00:00:00.0030872","StartTime":"2022-08-07T14:16:07.4389769+00:00","EndTime":"2022-08-07T14:16:07.438977+00:00","Properties":[]},{"TestCase":{"Id":"959a71b6-a977-acbf-c28f-ce9a951ca17a","FullyQualifiedName":"BankSystemTest.AccountServicesTest.getSingleAccount_ShouldReturnMatchAccount","DisplayName":"BankSystemTest.AccountServicesTest.getSingleAccount_ShouldReturnMatchAccount","ExecutorUri":"executor://xunit/VsTestRunner2/netcoreapp","Source":"C:\\Users\\hp\\Videos\\repo\\BankSystemTest\\bin\\Debug\\net6.0\\fine-code-coverage\\build-output\\BankSystemTest.dll","CodeFilePath":null,"LineNumber":0,"Properties":[]},"Attachments":[],"Outcome":1,"ErrorMessage":null,"ErrorStackTrace":null,"DisplayName":"BankSystemTest.AccountServicesTest.getSingleAccount_ShouldReturnMatchAccount","Messages":[],"ComputerName":"UGOCHUKWU","Duration":"00:00:00.0015610","StartTime":"2022-08-07T14:16:07.4401847+00:00","EndTime":"2022-08-07T14:16:07.4401849+00:00","Properties":[]},{"TestCase":{"Id":"3d9f5ced-2786-6030-4886-caedb9f92fca","FullyQualifiedName":"BankSystemTest.UsersServicesTest.check_ifUser_Saved_toUsersjsonfile","DisplayName":"BankSystemTest.UsersServicesTest.check_ifUser_Saved_toUsersjsonfile","ExecutorUri":"executor://xunit/VsTestRunner2/netcoreapp","Source":"C:\\Users\\hp\\Videos\\repo\\BankSystemTest\\bin\\Debug\\net6.0\\fine-code-coverage\\build-output\\BankSystemTest.dll","CodeFilePath":null,"LineNumber":0,"Properties":[]},"Attachments":[],"Outcome":1,"ErrorMessage":null,"ErrorStackTrace":null,"DisplayName":"BankSystemTest.UsersServicesTest.check_ifUser_Saved_toUsersjsonfile","Messages":[],"ComputerName":"UGOCHUKWU","Duration":"00:00:00.0028504","StartTime":"2022-08-07T14:16:07.4415148+00:00","EndTime":"2022-08-07T14:16:07.4415149+00:00","Properties":[]},{"TestCase":{"Id":"5170d76a-c2aa-fce7-290c-c625a23a6199","FullyQualifiedName":"BankSystemTest.AccountServicesTest.checkIfAccountIsNotCreated","DisplayName":"BankSystemTest.AccountServicesTest.checkIfAccountIsNotCreated","ExecutorUri":"executor://xunit/VsTestRunner2/netcoreapp","Source":"C:\\Users\\hp\\Videos\\repo\\BankSystemTest\\bin\\Debug\\net6.0\\fine-code-coverage\\build-output\\BankSystemTest.dll","CodeFilePath":null,"LineNumber":0,"Properties":[]},"Attachments":[],"Outcome":1,"ErrorMessage":null,"ErrorStackTrace":null,"DisplayName":"BankSystemTest.AccountServicesTest.checkIfAccountIsNotCreated","Messages":[],"ComputerName":"UGOCHUKWU","Duration":"00:00:00.0012675","StartTime":"2022-08-07T14:16:07.4430134+00:00","EndTime":"2022-08-07T14:16:07.4430135+00:00","Properties":[]},{"TestCase":{"Id":"b1448e73-a8cf-c7ab-5428-d03071207813","FullyQualifiedName":"BankSystemTest.UsersServicesTest.registerUser_if_email_notexist","DisplayName":"BankSystemTest.UsersServicesTest.registerUser_if_email_notexist","ExecutorUri":"executor://xunit/VsTestRunner2/netcoreapp","Source":"C:\\Users\\hp\\Videos\\repo\\BankSystemTest\\bin\\Debug\\net6.0\\fine-code-coverage\\build-output\\BankSystemTest.dll","CodeFilePath":null,"LineNumber":0,"Properties":[]},"Attachments":[],"Outcome":1,"ErrorMessage":null,"ErrorStackTrace":null,"DisplayName":"BankSystemTest.UsersServicesTest.registerUser_if_email_notexist","Messages":[],"ComputerName":"UGOCHUKWU","Duration":"00:00:00.0017883","StartTime":"2022-08-07T14:16:07.4439345+00:00","EndTime":"2022-08-07T14:16:07.4439345+00:00","Properties":[]},{"TestCase":{"Id":"8ec5eec7-b9c0-6edb-ff73-5dd3eb3de223","FullyQualifiedName":"BankSystemTest.UsersServicesTest.check_existingUser_beforeRegister","DisplayName":"BankSystemTest.UsersServicesTest.check_existingUser_beforeRegister","ExecutorUri":"executor://xunit/VsTestRunner2/netcoreapp","Source":"C:\\Users\\hp\\Videos\\repo\\BankSystemTest\\bin\\Debug\\net6.0\\fine-code-coverage\\build-output\\BankSystemTest.dll","CodeFilePath":null,"LineNumber":0,"Properties":[]},"Attachments":[],"Outcome":1,"ErrorMessage":null,"ErrorStackTrace":null,"DisplayName":"BankSystemTest.UsersServicesTest.check_existingUser_beforeRegister","Messages":[],"ComputerName":"UGOCHUKWU","Duration":"00:00:00.0013169","StartTime":"2022-08-07T14:16:07.4449816+00:00","EndTime":"2022-08-07T14:16:07.4449816+00:00","Properties":[]},{"TestCase":{"Id":"92a7502b-9a7e-b484-8046-34ea4a5f4636","FullyQualifiedName":"BankSystemTest.AccountServicesTest.throwException_ifAccount_NotCreated","DisplayName":"BankSystemTest.AccountServicesTest.throwException_ifAccount_NotCreated","ExecutorUri":"executor://xunit/VsTestRunner2/netcoreapp","Source":"C:\\Users\\hp\\Videos\\repo\\BankSystemTest\\bin\\Debug\\net6.0\\fine-code-coverage\\build-output\\BankSystemTest.dll","CodeFilePath":null,"LineNumber":0,"Properties":[]},"Attachments":[],"Outcome":1,"ErrorMessage":null,"ErrorStackTrace":null,"DisplayName":"BankSystemTest.AccountServicesTest.throwException_ifAccount_NotCreated","Messages":[],"ComputerName":"UGOCHUKWU","Duration":"00:00:00.0110183","StartTime":"2022-08-07T14:16:07.4500277+00:00","EndTime":"2022-08-07T14:16:07.450028+00:00","Properties":[]}],"TestRunStatistics":{"ExecutedTests":22,"Stats":{"Passed":22}},"ActiveTests":[{"Id":"aa4bcfbc-13f3-0bcc-a84b-c9591db14c83","FullyQualifiedName":"BankSystemTest.AccountServicesTest.updateAccount_ShouldReturnMatchAccount","DisplayName":"BankSystemTest.AccountServicesTest.updateAccount_ShouldReturnMatchAccount","ExecutorUri":"executor://xunit/VsTestRunner2/netcoreapp","Source":"C:\\Users\\hp\\Videos\\repo\\BankSystemTest\\bin\\Debug\\net6.0\\fine-code-coverage\\build-output\\BankSystemTest.dll","CodeFilePath":null,"LineNumber":0,"Properties":[]}]}}
TpTrace Verbose: 0 : 42620, 14, 2022/08/07, 15:16:07.452, 5175070642126, vstest.console.dll, TestRunRequest:SendTestRunStatsChange: Starting.
TpTrace Verbose: 0 : 42620, 14, 2022/08/07, 15:16:07.452, 5175070642567, vstest.console.dll, InProgress is BankSystemTest.AccountServicesTest.updateAccount_ShouldReturnMatchAccount
TpTrace Verbose: 0 : 42620, 14, 2022/08/07, 15:16:07.452, 5175070642849, vstest.console.dll, MulticastDelegateUtilities.SafeInvoke: TestRun.RunStatsChanged: Invoking callbacks was skipped because there are no subscribers.
TpTrace Information: 0 : 42620, 14, 2022/08/07, 15:16:07.452, 5175070643019, vstest.console.dll, TestRunRequest:SendTestRunStatsChange: Completed.
TpTrace Verbose: 0 : 42620, 14, 2022/08/07, 15:16:07.452, 5175070643209, vstest.console.dll, MulticastDelegateUtilities.SafeInvoke: LengthPrefixCommunicationChannel: MessageReceived: Invoking callback 1/1 for Microsoft.VisualStudio.TestPlatform.CommunicationUtilities.TestRequestSender+<>c__DisplayClass30_0.<StartTestRun>b__1, took 1 ms.
TpTrace Verbose: 0 : 42620, 14, 2022/08/07, 15:16:07.452, 5175070643378, vstest.console.dll, TcpClientExtensions.MessageLoopAsync: Polling on remoteEndPoint: 127.0.0.1:51844 localEndPoint: 127.0.0.1:51843
TpTrace Verbose: 0 : 42620, 4, 2022/08/07, 15:16:07.452, 5175070643581, vstest.console.dll, MulticastDelegateUtilities.SafeInvoke: InternalTestLoggerEvents.SendTestResult: Invoking callback 1/1 for Microsoft.VisualStudio.TestPlatform.CommandLine.Internal.ConsoleLogger.TestResultHandler, took 0 ms.
TpTrace Verbose: 0 : 42620, 4, 2022/08/07, 15:16:07.452, 5175070644190, vstest.console.dll, MulticastDelegateUtilities.SafeInvoke: InternalTestLoggerEvents.SendTestResult: Invoking callback 1/1 for Microsoft.VisualStudio.TestPlatform.CommandLine.Internal.ConsoleLogger.TestResultHandler, took 0 ms.
TpTrace Verbose: 0 : 42620, 4, 2022/08/07, 15:16:07.453, 5175070644411, vstest.console.dll, MulticastDelegateUtilities.SafeInvoke: InternalTestLoggerEvents.SendTestResult: Invoking callback 1/1 for Microsoft.VisualStudio.TestPlatform.CommandLine.Internal.ConsoleLogger.TestResultHandler, took 0 ms.
TpTrace Verbose: 0 : 42620, 4, 2022/08/07, 15:16:07.453, 5175070644708, vstest.console.dll, MulticastDelegateUtilities.SafeInvoke: InternalTestLoggerEvents.SendTestResult: Invoking callback 1/1 for Microsoft.VisualStudio.TestPlatform.CommandLine.Internal.ConsoleLogger.TestResultHandler, took 0 ms.
TpTrace Verbose: 0 : 42620, 4, 2022/08/07, 15:16:07.453, 5175070644898, vstest.console.dll, MulticastDelegateUtilities.SafeInvoke: InternalTestLoggerEvents.SendTestResult: Invoking callback 1/1 for Microsoft.VisualStudio.TestPlatform.CommandLine.Internal.ConsoleLogger.TestResultHandler, took 0 ms.
TpTrace Verbose: 0 : 42620, 4, 2022/08/07, 15:16:07.453, 5175070645104, vstest.console.dll, MulticastDelegateUtilities.SafeInvoke: InternalTestLoggerEvents.SendTestResult: Invoking callback 1/1 for Microsoft.VisualStudio.TestPlatform.CommandLine.Internal.ConsoleLogger.TestResultHandler, took 0 ms.
TpTrace Verbose: 0 : 42620, 4, 2022/08/07, 15:16:07.453, 5175070645357, vstest.console.dll, MulticastDelegateUtilities.SafeInvoke: InternalTestLoggerEvents.SendTestResult: Invoking callback 1/1 for Microsoft.VisualStudio.TestPlatform.CommandLine.Internal.ConsoleLogger.TestResultHandler, took 0 ms.
TpTrace Verbose: 0 : 42620, 4, 2022/08/07, 15:16:07.453, 5175070645564, vstest.console.dll, MulticastDelegateUtilities.SafeInvoke: InternalTestLoggerEvents.SendTestResult: Invoking callback 1/1 for Microsoft.VisualStudio.TestPlatform.CommandLine.Internal.ConsoleLogger.TestResultHandler, took 0 ms.
TpTrace Verbose: 0 : 42620, 4, 2022/08/07, 15:16:07.453, 5175070645777, vstest.console.dll, MulticastDelegateUtilities.SafeInvoke: InternalTestLoggerEvents.SendTestResult: Invoking callback 1/1 for Microsoft.VisualStudio.TestPlatform.CommandLine.Internal.ConsoleLogger.TestResultHandler, took 0 ms.
TpTrace Verbose: 0 : 42620, 14, 2022/08/07, 15:16:07.453, 5175070649264, vstest.console.dll, TcpClientExtensions.MessageLoopAsync: NotifyDataAvailable remoteEndPoint: 127.0.0.1:51844 localEndPoint: 127.0.0.1:51843
TpTrace Verbose: 0 : 42620, 14, 2022/08/07, 15:16:07.453, 5175070649606, vstest.console.dll, TestRequestSender.OnExecutionMessageReceived: Received message: {"Version":5,"MessageType":"TestSession.Message","Payload":{"MessageLevel":0,"Message":"[xUnit.net 00:00:00.56]   Finished:    BankSystemTest"}}
TpTrace Verbose: 0 : 42620, 14, 2022/08/07, 15:16:07.453, 5175070650546, vstest.console.dll, TestRunRequest:SendTestRunMessage: Starting.
TpTrace Verbose: 0 : 42620, 14, 2022/08/07, 15:16:07.453, 5175070650840, vstest.console.dll, MulticastDelegateUtilities.SafeInvoke: TestRun.LogMessages: Invoking callback 1/1 for Microsoft.VisualStudio.TestPlatform.CommandLine.TestRunResultAggregator.TestRunMessageHandler, took 0 ms.
TpTrace Information: 0 : 42620, 14, 2022/08/07, 15:16:07.453, 5175070651023, vstest.console.dll, TestRunRequest:SendTestRunMessage: Completed.
TpTrace Verbose: 0 : 42620, 14, 2022/08/07, 15:16:07.453, 5175070651175, vstest.console.dll, MulticastDelegateUtilities.SafeInvoke: LengthPrefixCommunicationChannel: MessageReceived: Invoking callback 1/1 for Microsoft.VisualStudio.TestPlatform.CommunicationUtilities.TestRequestSender+<>c__DisplayClass30_0.<StartTestRun>b__1, took 0 ms.
TpTrace Verbose: 0 : 42620, 4, 2022/08/07, 15:16:07.453, 5175070651181, vstest.console.dll, MulticastDelegateUtilities.SafeInvoke: InternalTestLoggerEvents.SendTestRunMessage: Invoking callback 1/1 for Microsoft.VisualStudio.TestPlatform.CommandLine.Internal.ConsoleLogger.TestMessageHandler, took 0 ms.
TpTrace Verbose: 0 : 42620, 14, 2022/08/07, 15:16:07.453, 5175070651374, vstest.console.dll, TcpClientExtensions.MessageLoopAsync: Polling on remoteEndPoint: 127.0.0.1:51844 localEndPoint: 127.0.0.1:51843
TpTrace Verbose: 0 : 42620, 14, 2022/08/07, 15:16:07.464, 5175070757169, vstest.console.dll, TcpClientExtensions.MessageLoopAsync: NotifyDataAvailable remoteEndPoint: 127.0.0.1:51844 localEndPoint: 127.0.0.1:51843
TpTrace Verbose: 0 : 42620, 14, 2022/08/07, 15:16:07.464, 5175070758747, vstest.console.dll, TestRequestSender.OnExecutionMessageReceived: Received message: {"Version":5,"MessageType":"TestExecution.Completed","Payload":{"TestRunCompleteArgs":{"TestRunStatistics":{"ExecutedTests":23,"Stats":{"Passed":23}},"IsCanceled":false,"IsAborted":false,"Error":null,"AttachmentSets":[],"ElapsedTimeInRunningTests":"00:00:00.5692863","Metrics":{}},"LastRunTests":{"NewTestResults":[{"TestCase":{"Id":"aa4bcfbc-13f3-0bcc-a84b-c9591db14c83","FullyQualifiedName":"BankSystemTest.AccountServicesTest.updateAccount_ShouldReturnMatchAccount","DisplayName":"BankSystemTest.AccountServicesTest.updateAccount_ShouldReturnMatchAccount","ExecutorUri":"executor://xunit/VsTestRunner2/netcoreapp","Source":"C:\\Users\\hp\\Videos\\repo\\BankSystemTest\\bin\\Debug\\net6.0\\fine-code-coverage\\build-output\\BankSystemTest.dll","CodeFilePath":null,"LineNumber":0,"Properties":[]},"Attachments":[],"Outcome":1,"ErrorMessage":null,"ErrorStackTrace":null,"DisplayName":"BankSystemTest.AccountServicesTest.updateAccount_ShouldReturnMatchAccount","Messages":[],"ComputerName":"UGOCHUKWU","Duration":"00:00:00.0016994","StartTime":"2022-08-07T14:16:07.452026+00:00","EndTime":"2022-08-07T14:16:07.4520261+00:00","Properties":[]}],"TestRunStatistics":{"ExecutedTests":23,"Stats":{"Passed":23}},"ActiveTests":[]},"RunAttachments":[],"ExecutorUris":["executor://xunit/VsTestRunner2/netcoreapp"]}}
TpTrace Verbose: 0 : 42620, 14, 2022/08/07, 15:16:07.464, 5175070760411, vstest.console.dll, TestRequestSender.EndSession: Sending end session.
TpTrace Verbose: 0 : 42620, 14, 2022/08/07, 15:16:07.464, 5175070761321, vstest.console.dll, ProxyOperationManager.Close: waiting for test host to exit for 100 ms
TpTrace Warning: 0 : 42620, 13, 2022/08/07, 15:16:07.499, 5175071110040, vstest.console.dll, TestHostManagerCallbacks.ErrorReceivedCallback Test host standard error line: 
TpTrace Verbose: 0 : 42620, 13, 2022/08/07, 15:16:07.509, 5175071209061, vstest.console.dll, TestHostProvider.ExitCallBack: Host exited starting callback.
TpTrace Information: 0 : 42620, 13, 2022/08/07, 15:16:07.510, 5175071214551, vstest.console.dll, TestHostManagerCallbacks.ExitCallBack: Testhost processId: 34148 exited with exitcode: 0 error: ''
TpTrace Verbose: 0 : 42620, 13, 2022/08/07, 15:16:07.510, 5175071215189, vstest.console.dll, DotnetTestHostManager.OnHostExited: invoking OnHostExited callback
TpTrace Verbose: 0 : 42620, 13, 2022/08/07, 15:16:07.510, 5175071215734, vstest.console.dll, CrossPlatEngine.TestHostManagerHostExited: calling on client process exit callback.
TpTrace Information: 0 : 42620, 13, 2022/08/07, 15:16:07.510, 5175071216275, vstest.console.dll, TestRequestSender.OnClientProcessExit: Test host process exited. Standard error: 
TpTrace Information: 0 : 42620, 13, 2022/08/07, 15:16:07.510, 5175071216600, vstest.console.dll, SocketServer.Stop: Stop server endPoint: 127.0.0.1:51843
TpTrace Information: 0 : 42620, 13, 2022/08/07, 15:16:07.510, 5175071216806, vstest.console.dll, SocketServer.Stop: Cancellation requested. Stopping message loop.
TpTrace Information: 0 : 42620, 14, 2022/08/07, 15:16:07.510, 5175071217029, vstest.console.dll, SocketServer.Stop: Stop server endPoint: 127.0.0.1:51843
TpTrace Verbose: 0 : 42620, 13, 2022/08/07, 15:16:07.510, 5175071217721, vstest.console.dll, MulticastDelegateUtilities.SafeInvoke: HostProviderEvents.OnHostExited: Invoking callback 1/1 for Microsoft.VisualStudio.TestPlatform.CrossPlatEngine.Client.ProxyOperationManager.TestHostManagerHostExited, took 0 ms.
TpTrace Information: 0 : 42620, 14, 2022/08/07, 15:16:07.510, 5175071217883, vstest.console.dll, SocketServer.Stop: Cancellation requested. Stopping message loop.
TpTrace Information: 0 : 42620, 14, 2022/08/07, 15:16:07.510, 5175071218750, vstest.console.dll, Closing the connection
TpTrace Verbose: 0 : 42620, 14, 2022/08/07, 15:16:07.510, 5175071222339, vstest.console.dll, ProxyDataCollectionManager.InvokeDataCollectionServiceAction: Starting.
TpTrace Information: 0 : 42620, 14, 2022/08/07, 15:16:07.510, 5175071222830, vstest.console.dll, ProxyDataCollectionManager.AfterTestRunEnd: Get attachment set and invoked data collectors processId: 25532 port: 51840
TpTrace Verbose: 0 : 42620, 14, 2022/08/07, 15:16:07.510, 5175071223247, vstest.console.dll, DataCollectionRequestSender.SendAfterTestRunStartAndGetResult: Send AfterTestRunEnd message with isCancelled: False
TpTrace Verbose: 0 : 42620, 14, 2022/08/07, 15:16:07.518, 5175071299505, vstest.console.dll, DataCollectionRequestSender.SendAfterTestRunStartAndGetResult: Received message: (DataCollection.AfterTestRunEndResult) -> {
  "AttachmentSets": [],
  "InvokedDataCollectors": [
    {
      "Uri": "datacollector://Microsoft/TestPlatform/Extensions/Blame/v1",
      "FriendlyName": "Blame",
      "AssemblyQualifiedName": "Microsoft.TestPlatform.Extensions.BlameDataCollector.BlameCollector, Microsoft.TestPlatform.Extensions.BlameDataCollector, Version=15.0.0.0, Culture=neutral, PublicKeyToken=b03f5f7f11d50a3a",
      "FilePath": "C:\\Program Files\\dotnet\\sdk\\6.0.300\\Extensions\\Microsoft.TestPlatform.Extensions.BlameDataCollector.dll",
      "HasAttachmentProcessor": false
    }
  ],
  "Metrics": {}
}
TpTrace Information: 0 : 42620, 14, 2022/08/07, 15:16:07.524, 5175071356679, vstest.console.dll, ProxyDataCollectionManager.InvokeDataCollectionServiceAction: Completed.
TpTrace Warning: 0 : 42620, 10, 2022/08/07, 15:16:07.536, 5175071482226, vstest.console.dll, DataCollectionLauncher.ErrorReceivedCallback datacollector standard error line: 
TpTrace Information: 0 : 42620, 10, 2022/08/07, 15:16:07.541, 5175071524831, vstest.console.dll, DataCollectionLauncher.ExitCallBack: Data collector exited with exitcode: 0 error: ''
TpTrace Verbose: 0 : 42620, 14, 2022/08/07, 15:16:07.546, 5175071574507, vstest.console.dll, TestRunRequest:SendTestRunStatsChange: Starting.
TpTrace Verbose: 0 : 42620, 14, 2022/08/07, 15:16:07.546, 5175071575368, vstest.console.dll, MulticastDelegateUtilities.SafeInvoke: TestRun.RunStatsChanged: Invoking callbacks was skipped because there are no subscribers.
TpTrace Information: 0 : 42620, 14, 2022/08/07, 15:16:07.546, 5175071575508, vstest.console.dll, TestRunRequest:SendTestRunStatsChange: Completed.
TpTrace Verbose: 0 : 42620, 4, 2022/08/07, 15:16:07.546, 5175071575788, vstest.console.dll, MulticastDelegateUtilities.SafeInvoke: InternalTestLoggerEvents.SendTestResult: Invoking callback 1/1 for Microsoft.VisualStudio.TestPlatform.CommandLine.Internal.ConsoleLogger.TestResultHandler, took 0 ms.
TpTrace Verbose: 0 : 42620, 14, 2022/08/07, 15:16:07.546, 5175071576969, vstest.console.dll, ParallelProxyExecutionManager: HandlePartialRunComplete: Total completed clients = 1, Run complete = True, Run canceled: False.
TpTrace Verbose: 0 : 42620, 4, 2022/08/07, 15:16:07.554, 5175071656534, vstest.console.dll, MulticastDelegateUtilities.SafeInvoke: InternalTestLoggerEvents.SendTestRunComplete: Invoking callback 1/2 for Microsoft.TestPlatform.Extensions.BlameDataCollector.BlameLogger.TestRunCompleteHandler, took 0 ms.
TpTrace Verbose: 0 : 42620, 4, 2022/08/07, 15:16:07.559, 5175071704713, vstest.console.dll, MulticastDelegateUtilities.SafeInvoke: InternalTestLoggerEvents.SendTestRunComplete: Invoking callback 2/2 for Microsoft.VisualStudio.TestPlatform.CommandLine.Internal.ConsoleLogger.TestRunCompleteHandler, took 4 ms.
TpTrace Verbose: 0 : 42620, 14, 2022/08/07, 15:16:07.559, 5175071707786, vstest.console.dll, TestRunRequest:TestRunComplete: Starting. IsAborted:False IsCanceled:False.
TpTrace Verbose: 0 : 42620, 14, 2022/08/07, 15:16:07.559, 5175071713153, vstest.console.dll, TestLoggerManager.HandleTestRunComplete: Ignoring as the object is disposed.
TpTrace Verbose: 0 : 42620, 14, 2022/08/07, 15:16:07.560, 5175071714839, vstest.console.dll, MulticastDelegateUtilities.SafeInvoke: TestRun.TestRunComplete: Invoking callback 1/2 for Microsoft.VisualStudio.TestPlatform.CommandLine.TestRunResultAggregator.TestRunCompletionHandler, took 0 ms.
TpTrace Verbose: 0 : 42620, 14, 2022/08/07, 15:16:07.560, 5175071715403, vstest.console.dll, MulticastDelegateUtilities.SafeInvoke: TestRun.TestRunComplete: Invoking callback 2/2 for Microsoft.VisualStudio.TestPlatform.CommandLine.Processors.RunTestsArgumentExecutor+TestRunRequestEventsRegistrar.TestRunRequest_OnRunCompletion, took 0 ms.
TpTrace Information: 0 : 42620, 14, 2022/08/07, 15:16:07.560, 5175071715986, vstest.console.dll, TestRunRequest:TestRunComplete: Completed.
TpTrace Verbose: 0 : 42620, 14, 2022/08/07, 15:16:07.560, 5175071716208, vstest.console.dll, TestRequestSender.SetOperationComplete: Setting operation complete.
TpTrace Information: 0 : 42620, 14, 2022/08/07, 15:16:07.560, 5175071716364, vstest.console.dll, SocketServer.Stop: Stop server endPoint: 127.0.0.1:51843
TpTrace Information: 0 : 42620, 14, 2022/08/07, 15:16:07.560, 5175071716568, vstest.console.dll, SocketServer.Stop: Cancellation requested. Stopping message loop.
TpTrace Verbose: 0 : 42620, 14, 2022/08/07, 15:16:07.560, 5175071716737, vstest.console.dll, MulticastDelegateUtilities.SafeInvoke: LengthPrefixCommunicationChannel: MessageReceived: Invoking callback 1/1 for Microsoft.VisualStudio.TestPlatform.CommunicationUtilities.TestRequestSender+<>c__DisplayClass30_0.<StartTestRun>b__1, took 95 ms.
TpTrace Verbose: 0 : 42620, 1, 2022/08/07, 15:16:07.560, 5175071716753, vstest.console.dll, TestRunRequest.Dispose: Starting.
TpTrace Information: 0 : 42620, 14, 2022/08/07, 15:16:07.560, 5175071716948, vstest.console.dll, SocketServer.PrivateStop: Stopping server endPoint: 127.0.0.1:51843 error: 
TpTrace Information: 0 : 42620, 1, 2022/08/07, 15:16:07.560, 5175071717416, vstest.console.dll, TestRunRequest.Dispose: Completed.
TpTrace Information: 0 : 42620, 1, 2022/08/07, 15:16:07.560, 5175071717778, vstest.console.dll, TestRequestManager.RunTests: run tests completed.
TpTrace Information: 0 : 42620, 1, 2022/08/07, 15:16:07.560, 5175071718290, vstest.console.dll, RunTestsArgumentProcessor:Execute: Test run is completed.
TpTrace Verbose: 0 : 42620, 1, 2022/08/07, 15:16:07.560, 5175071719635, vstest.console.dll, Executor.Execute: Exiting with exit code of 0
TpTrace Verbose: 0 : 42620, 14, 2022/08/07, 15:16:07.560, 5175071720614, vstest.console.dll, LengthPrefixCommunicationChannel.Dispose: Dispose reader and writer.
TpTrace Information: 0 : 42620, 14, 2022/08/07, 15:16:07.560, 5175071721093, vstest.console.dll, SocketServer.Stop: Raise disconnected event endPoint: 127.0.0.1:51843 error: 
TpTrace Verbose: 0 : 42620, 14, 2022/08/07, 15:16:07.560, 5175071721427, vstest.console.dll, TestRequestSender: OnTestRunAbort: Operation is already complete. Skip error message.
TpTrace Verbose: 0 : 42620, 14, 2022/08/07, 15:16:07.560, 5175071721628, vstest.console.dll, MulticastDelegateUtilities.SafeInvoke: SocketServer: ClientDisconnected: Invoking callback 1/1 for Microsoft.VisualStudio.TestPlatform.CommunicationUtilities.TestRequestSender.<InitializeCommunication>b__23_1, took 0 ms.
TpTrace Verbose: 0 : 42620, 14, 2022/08/07, 15:16:07.560, 5175071721784, vstest.console.dll, TcpClientExtensions.MessageLoopAsync: exiting MessageLoopAsync remoteEndPoint: 127.0.0.1:51844 localEndPoint: 127.0.0.1:51843
